TN:
SF:/home/runner/work/TDDThreadSafeContainer/TDDThreadSafeContainer/src/storage.hpp
FN:100,110,_ZN7StorageINSt7__cxx1112basic_stringIcSt11char_traitsIcESaIcEEES5_E8containsERKS5_
FN:100,110,_ZN7StorageIiNSt7__cxx1112basic_stringIcSt11char_traitsIcESaIcEEEE8containsERKi
FN:100,110,_ZN7StorageIiiE8containsERKi
FN:128,146,_ZN7StorageINSt7__cxx1112basic_stringIcSt11char_traitsIcESaIcEEES5_E13lru_cache_addERKS5_S8_
FN:128,146,_ZN7StorageIiNSt7__cxx1112basic_stringIcSt11char_traitsIcESaIcEEEE13lru_cache_addERKiRKS5_
FN:128,146,_ZN7StorageIiiE13lru_cache_addERKiS2_
FN:16,23,_ZN7StorageINSt7__cxx1112basic_stringIcSt11char_traitsIcESaIcEEES5_EC2Emm
FN:16,23,_ZN7StorageIiNSt7__cxx1112basic_stringIcSt11char_traitsIcESaIcEEEEC2Emm
FN:16,23,_ZN7StorageIiiEC2Emm
FN:25,47,_ZN7StorageINSt7__cxx1112basic_stringIcSt11char_traitsIcESaIcEEES5_E5storeERKS5_S8_
FN:25,47,_ZN7StorageIiNSt7__cxx1112basic_stringIcSt11char_traitsIcESaIcEEEE5storeERKiRKS5_
FN:25,47,_ZN7StorageIiiE5storeERKiS2_
FN:49,73,_ZN7StorageINSt7__cxx1112basic_stringIcSt11char_traitsIcESaIcEEES5_E4loadERKS5_
FN:49,73,_ZN7StorageIiNSt7__cxx1112basic_stringIcSt11char_traitsIcESaIcEEEE4loadERKi
FN:49,73,_ZN7StorageIiiE4loadERKi
FN:75,98,_ZN7StorageINSt7__cxx1112basic_stringIcSt11char_traitsIcESaIcEEES5_E6removeERKS5_
FN:75,98,_ZN7StorageIiNSt7__cxx1112basic_stringIcSt11char_traitsIcESaIcEEEE6removeERKi
FN:75,98,_ZN7StorageIiiE6removeERKi
FNDA:4,_ZN7StorageINSt7__cxx1112basic_stringIcSt11char_traitsIcESaIcEEES5_E8containsERKS5_
FNDA:12000,_ZN7StorageIiNSt7__cxx1112basic_stringIcSt11char_traitsIcESaIcEEEE8containsERKi
FNDA:10,_ZN7StorageIiiE8containsERKi
FNDA:5,_ZN7StorageINSt7__cxx1112basic_stringIcSt11char_traitsIcESaIcEEES5_E13lru_cache_addERKS5_S8_
FNDA:10296,_ZN7StorageIiNSt7__cxx1112basic_stringIcSt11char_traitsIcESaIcEEEE13lru_cache_addERKiRKS5_
FNDA:34,_ZN7StorageIiiE13lru_cache_addERKiS2_
FNDA:3,_ZN7StorageINSt7__cxx1112basic_stringIcSt11char_traitsIcESaIcEEES5_EC2Emm
FNDA:2,_ZN7StorageIiNSt7__cxx1112basic_stringIcSt11char_traitsIcESaIcEEEEC2Emm
FNDA:4,_ZN7StorageIiiEC2Emm
FNDA:6,_ZN7StorageINSt7__cxx1112basic_stringIcSt11char_traitsIcESaIcEEES5_E5storeERKS5_S8_
FNDA:10000,_ZN7StorageIiNSt7__cxx1112basic_stringIcSt11char_traitsIcESaIcEEEE5storeERKiRKS5_
FNDA:23,_ZN7StorageIiiE5storeERKiS2_
FNDA:3,_ZN7StorageINSt7__cxx1112basic_stringIcSt11char_traitsIcESaIcEEES5_E4loadERKS5_
FNDA:10000,_ZN7StorageIiNSt7__cxx1112basic_stringIcSt11char_traitsIcESaIcEEEE4loadERKi
FNDA:19,_ZN7StorageIiiE4loadERKi
FNDA:1,_ZN7StorageINSt7__cxx1112basic_stringIcSt11char_traitsIcESaIcEEES5_E6removeERKS5_
FNDA:1000,_ZN7StorageIiNSt7__cxx1112basic_stringIcSt11char_traitsIcESaIcEEEE6removeERKi
FNDA:3,_ZN7StorageIiiE6removeERKi
FNF:18
FNH:18
DA:16,9
DA:17,9
DA:18,9
DA:19,1
DA:23,10
DA:25,10029
DA:27,10029
DA:28,10029
DA:29,10029
DA:30,3955
DA:31,7910
DA:32,3955
DA:34,3955
DA:37,0
DA:39,10029
DA:40,10029
DA:41,10029
DA:42,1
DA:44,10028
DA:45,10028
DA:46,10028
DA:47,10029
DA:49,10022
DA:51,10022
DA:52,10022
DA:53,10022
DA:54,9714
DA:55,9714
DA:56,9714
DA:58,9714
DA:60,9714
DA:61,9714
DA:62,9711
DA:64,308
DA:65,308
DA:66,308
DA:67,1
DA:69,307
DA:70,307
DA:71,307
DA:72,307
DA:73,308
DA:75,1004
DA:76,1004
DA:77,2
DA:80,1002
DA:81,1002
DA:82,1002
DA:83,955
DA:84,955
DA:85,955
DA:86,955
DA:87,955
DA:89,955
DA:90,955
DA:91,955
DA:92,955
DA:93,47
DA:94,47
DA:95,47
DA:96,47
DA:97,47
DA:98,1002
DA:100,12014
DA:102,12014
DA:103,12014
DA:104,10738
DA:106,10738
DA:108,1276
DA:109,1276
DA:110,1276
DA:128,10335
DA:129,10335
DA:131,10335
DA:132,3831
DA:135,6504
DA:136,5531
DA:137,5531
DA:138,5531
DA:139,5531
DA:140,5531
DA:143,6504
DA:144,6504
DA:145,6504
DA:146,10301
LF:85
LH:84
end_of_record
TN:
SF:/home/runner/work/TDDThreadSafeContainer/TDDThreadSafeContainer/tests/constants.hpp
FNF:0
FNH:0
LF:0
LH:0
end_of_record
TN:
SF:/home/runner/work/TDDThreadSafeContainer/TDDThreadSafeContainer/tests/googletest/googletest/include/gtest/gtest-assertion-result.h
FN:198,201,_ZN7testing15AssertionResultlsIA100_cEERS0_RKT_
FN:198,201,_ZN7testing15AssertionResultlsIA106_cEERS0_RKT_
FN:198,201,_ZN7testing15AssertionResultlsIA11_cEERS0_RKT_
FN:198,201,_ZN7testing15AssertionResultlsIA12_cEERS0_RKT_
FN:198,201,_ZN7testing15AssertionResultlsIA13_cEERS0_RKT_
FN:198,201,_ZN7testing15AssertionResultlsIA14_cEERS0_RKT_
FN:198,201,_ZN7testing15AssertionResultlsIA15_cEERS0_RKT_
FN:198,201,_ZN7testing15AssertionResultlsIA16_cEERS0_RKT_
FN:198,201,_ZN7testing15AssertionResultlsIA17_cEERS0_RKT_
FN:198,201,_ZN7testing15AssertionResultlsIA24_cEERS0_RKT_
FN:198,201,_ZN7testing15AssertionResultlsIA27_cEERS0_RKT_
FN:198,201,_ZN7testing15AssertionResultlsIA29_cEERS0_RKT_
FN:198,201,_ZN7testing15AssertionResultlsIA2_cEERS0_RKT_
FN:198,201,_ZN7testing15AssertionResultlsIA3_cEERS0_RKT_
FN:198,201,_ZN7testing15AssertionResultlsIA5_cEERS0_RKT_
FN:198,201,_ZN7testing15AssertionResultlsIA6_cEERS0_RKT_
FN:198,201,_ZN7testing15AssertionResultlsIA7_cEERS0_RKT_
FN:198,201,_ZN7testing15AssertionResultlsIA9_cEERS0_RKT_
FN:198,201,_ZN7testing15AssertionResultlsINS_14TestPartResultEEERS0_RKT_
FN:198,201,_ZN7testing15AssertionResultlsINS_7MessageEEERS0_RKT_
FN:198,201,_ZN7testing15AssertionResultlsINSt7__cxx1112basic_stringIcSt11char_traitsIcESaIcEEEEERS0_RKT_
FN:198,201,_ZN7testing15AssertionResultlsINSt7__cxx1112basic_stringIwSt11char_traitsIwESaIwEEEEERS0_RKT_
FN:198,201,_ZN7testing15AssertionResultlsIPKcEERS0_RKT_
FN:198,201,_ZN7testing15AssertionResultlsIPKwEERS0_RKT_
FN:198,201,_ZN7testing15AssertionResultlsIdEERS0_RKT_
FN:213,216,_ZN7testing15AssertionResult13AppendMessageERKNS_7MessageE
FNDA:0,_ZN7testing15AssertionResultlsIA100_cEERS0_RKT_
FNDA:0,_ZN7testing15AssertionResultlsIA106_cEERS0_RKT_
FNDA:0,_ZN7testing15AssertionResultlsIA11_cEERS0_RKT_
FNDA:0,_ZN7testing15AssertionResultlsIA12_cEERS0_RKT_
FNDA:0,_ZN7testing15AssertionResultlsIA13_cEERS0_RKT_
FNDA:0,_ZN7testing15AssertionResultlsIA14_cEERS0_RKT_
FNDA:0,_ZN7testing15AssertionResultlsIA15_cEERS0_RKT_
FNDA:0,_ZN7testing15AssertionResultlsIA16_cEERS0_RKT_
FNDA:0,_ZN7testing15AssertionResultlsIA17_cEERS0_RKT_
FNDA:0,_ZN7testing15AssertionResultlsIA24_cEERS0_RKT_
FNDA:0,_ZN7testing15AssertionResultlsIA27_cEERS0_RKT_
FNDA:0,_ZN7testing15AssertionResultlsIA29_cEERS0_RKT_
FNDA:0,_ZN7testing15AssertionResultlsIA2_cEERS0_RKT_
FNDA:0,_ZN7testing15AssertionResultlsIA3_cEERS0_RKT_
FNDA:0,_ZN7testing15AssertionResultlsIA5_cEERS0_RKT_
FNDA:0,_ZN7testing15AssertionResultlsIA6_cEERS0_RKT_
FNDA:0,_ZN7testing15AssertionResultlsIA7_cEERS0_RKT_
FNDA:0,_ZN7testing15AssertionResultlsIA9_cEERS0_RKT_
FNDA:0,_ZN7testing15AssertionResultlsINS_14TestPartResultEEERS0_RKT_
FNDA:0,_ZN7testing15AssertionResultlsINS_7MessageEEERS0_RKT_
FNDA:0,_ZN7testing15AssertionResultlsINSt7__cxx1112basic_stringIcSt11char_traitsIcESaIcEEEEERS0_RKT_
FNDA:0,_ZN7testing15AssertionResultlsINSt7__cxx1112basic_stringIwSt11char_traitsIwESaIwEEEEERS0_RKT_
FNDA:0,_ZN7testing15AssertionResultlsIPKcEERS0_RKT_
FNDA:0,_ZN7testing15AssertionResultlsIPKwEERS0_RKT_
FNDA:0,_ZN7testing15AssertionResultlsIdEERS0_RKT_
FNDA:0,_ZN7testing15AssertionResult13AppendMessageERKNS_7MessageE
FNF:26
FNH:0
DA:140,22017
DA:162,11010
DA:168,22017
DA:181,11007
DA:190,0
DA:191,0
DA:194,0
DA:198,0
DA:199,0
DA:200,0
DA:213,0
DA:214,0
DA:215,0
DA:216,0
LF:14
LH:4
end_of_record
TN:
SF:/home/runner/work/TDDThreadSafeContainer/TDDThreadSafeContainer/tests/googletest/googletest/include/gtest/gtest-matchers.h
FN:217,219,_ZN7testing8internal13SharedPayloadINS0_9EqMatcherINSt7__cxx1112basic_stringIcSt11char_traitsIcESaIcEEEEEE7DestroyEPNS0_17SharedPayloadBaseE
FN:232,235,_ZNK7testing8internal11MatcherBaseIRKNSt7__cxx1112basic_stringIcSt11char_traitsIcESaIcEEEE15MatchAndExplainES9_PNS_19MatchResultListenerE
FN:244,247,_ZNK7testing8internal11MatcherBaseINSt7__cxx1112basic_stringIcSt11char_traitsIcESaIcEEEE10DescribeToEPSo
FN:244,247,_ZNK7testing8internal11MatcherBaseIRKNSt7__cxx1112basic_stringIcSt11char_traitsIcESaIcEEEE10DescribeToEPSo
FN:244,247,_ZNK7testing8internal11MatcherBaseIRKSt17basic_string_viewIcSt11char_traitsIcEEE10DescribeToEPSo
FN:244,247,_ZNK7testing8internal11MatcherBaseISt17basic_string_viewIcSt11char_traitsIcEEE10DescribeToEPSo
FN:250,253,_ZNK7testing8internal11MatcherBaseINSt7__cxx1112basic_stringIcSt11char_traitsIcESaIcEEEE18DescribeNegationToEPSo
FN:250,253,_ZNK7testing8internal11MatcherBaseIRKNSt7__cxx1112basic_stringIcSt11char_traitsIcESaIcEEEE18DescribeNegationToEPSo
FN:250,253,_ZNK7testing8internal11MatcherBaseIRKSt17basic_string_viewIcSt11char_traitsIcEEE18DescribeNegationToEPSo
FN:250,253,_ZNK7testing8internal11MatcherBaseISt17basic_string_viewIcSt11char_traitsIcEEE18DescribeNegationToEPSo
FN:313,313,_ZN7testing8internal11MatcherBaseINSt7__cxx1112basic_stringIcSt11char_traitsIcESaIcEEEED0Ev
FN:313,313,_ZN7testing8internal11MatcherBaseINSt7__cxx1112basic_stringIcSt11char_traitsIcESaIcEEEED2Ev
FN:313,313,_ZN7testing8internal11MatcherBaseIRKNSt7__cxx1112basic_stringIcSt11char_traitsIcESaIcEEEED0Ev
FN:313,313,_ZN7testing8internal11MatcherBaseIRKNSt7__cxx1112basic_stringIcSt11char_traitsIcESaIcEEEED2Ev
FN:313,313,_ZN7testing8internal11MatcherBaseIRKSt17basic_string_viewIcSt11char_traitsIcEEED0Ev
FN:313,313,_ZN7testing8internal11MatcherBaseIRKSt17basic_string_viewIcSt11char_traitsIcEEED2Ev
FN:313,313,_ZN7testing8internal11MatcherBaseISt17basic_string_viewIcSt11char_traitsIcEEED0Ev
FN:313,313,_ZN7testing8internal11MatcherBaseISt17basic_string_viewIcSt11char_traitsIcEEED2Ev
FN:333,337,_ZN7testing8internal11MatcherBaseINSt7__cxx1112basic_stringIcSt11char_traitsIcESaIcEEEE19MatchAndExplainImplINS8_11ValuePolicyINS0_9EqMatcherIS7_EELb0EEEEEDTcldtclsrT_3Getfp_E15MatchAndExplainfp0_clptfp1_L_ZNS_19MatchResultListener6streamEvEEEERKS8_RKS7_PSF_
FN:333,337,_ZN7testing8internal11MatcherBaseIRKNSt7__cxx1112basic_stringIcSt11char_traitsIcESaIcEEEE19MatchAndExplainImplINSA_11ValuePolicyINS0_9EqMatcherIS7_EELb0EEEEEDTcldtclsrT_3Getfp_E15MatchAndExplainfp0_clptfp1_L_ZNS_19MatchResultListener6streamEvEEEERKSA_S9_PSH_
FN:333,337,_ZN7testing8internal11MatcherBaseIRKSt17basic_string_viewIcSt11char_traitsIcEEE19MatchAndExplainImplINS8_11ValuePolicyINS0_9EqMatcherINSt7__cxx1112basic_stringIcS4_SaIcEEEEELb0EEEEEDTcldtclsrT_3Getfp_E15MatchAndExplainfp0_clptfp1_L_ZNS_19MatchResultListener6streamEvEEEERKS8_S7_PSJ_
FN:333,337,_ZN7testing8internal11MatcherBaseISt17basic_string_viewIcSt11char_traitsIcEEE19MatchAndExplainImplINS6_11ValuePolicyINS0_9EqMatcherINSt7__cxx1112basic_stringIcS4_SaIcEEEEELb0EEEEEDTcldtclsrT_3Getfp_E15MatchAndExplainfp0_clptfp1_L_ZNS_19MatchResultListener6streamEvEEEERKS6_RKS5_PSH_
FN:347,354,_ZN7testing8internal11MatcherBaseINSt7__cxx1112basic_stringIcSt11char_traitsIcESaIcEEEE12DescribeImplINS8_11ValuePolicyINS0_9EqMatcherIS7_EELb0EEEEEvRKS8_PSob
FN:347,354,_ZN7testing8internal11MatcherBaseIRKNSt7__cxx1112basic_stringIcSt11char_traitsIcESaIcEEEE12DescribeImplINSA_11ValuePolicyINS0_9EqMatcherIS7_EELb0EEEEEvRKSA_PSob
FN:347,354,_ZN7testing8internal11MatcherBaseIRKSt17basic_string_viewIcSt11char_traitsIcEEE12DescribeImplINS8_11ValuePolicyINS0_9EqMatcherINSt7__cxx1112basic_stringIcS4_SaIcEEEEELb0EEEEEvRKS8_PSob
FN:347,354,_ZN7testing8internal11MatcherBaseISt17basic_string_viewIcSt11char_traitsIcEEE12DescribeImplINS6_11ValuePolicyINS0_9EqMatcherINSt7__cxx1112basic_stringIcS4_SaIcEEEEELb0EEEEEvRKS6_PSob
FN:357,370,_ZN7testing8internal11MatcherBaseINSt7__cxx1112basic_stringIcSt11char_traitsIcESaIcEEEE16GetDescriberImplINS8_11ValuePolicyINS0_9EqMatcherIS7_EELb0EEEEEPKNS_25MatcherDescriberInterfaceERKS8_
FN:357,370,_ZN7testing8internal11MatcherBaseIRKNSt7__cxx1112basic_stringIcSt11char_traitsIcESaIcEEEE16GetDescriberImplINSA_11ValuePolicyINS0_9EqMatcherIS7_EELb0EEEEEPKNS_25MatcherDescriberInterfaceERKSA_
FN:357,370,_ZN7testing8internal11MatcherBaseIRKSt17basic_string_viewIcSt11char_traitsIcEEE16GetDescriberImplINS8_11ValuePolicyINS0_9EqMatcherINSt7__cxx1112basic_stringIcS4_SaIcEEEEELb0EEEEEPKNS_25MatcherDescriberInterfaceERKS8_
FN:357,370,_ZN7testing8internal11MatcherBaseISt17basic_string_viewIcSt11char_traitsIcEEE16GetDescriberImplINS6_11ValuePolicyINS0_9EqMatcherINSt7__cxx1112basic_stringIcS4_SaIcEEEEELb0EEEEEPKNS_25MatcherDescriberInterfaceERKS6_
FN:389,393,_ZN7testing8internal11MatcherBaseINSt7__cxx1112basic_stringIcSt11char_traitsIcESaIcEEEE7DestroyEv
FN:389,393,_ZN7testing8internal11MatcherBaseIRKNSt7__cxx1112basic_stringIcSt11char_traitsIcESaIcEEEE7DestroyEv
FN:389,393,_ZN7testing8internal11MatcherBaseIRKSt17basic_string_viewIcSt11char_traitsIcEEE7DestroyEv
FN:389,393,_ZN7testing8internal11MatcherBaseISt17basic_string_viewIcSt11char_traitsIcEEE7DestroyEv
FN:424,426,_ZN7testing8internal11MatcherBaseINSt7__cxx1112basic_stringIcSt11char_traitsIcESaIcEEEE11ValuePolicyINS0_9EqMatcherIS7_EELb0EE4InitISB_EEvRS8_OT_
FN:424,426,_ZN7testing8internal11MatcherBaseIRKNSt7__cxx1112basic_stringIcSt11char_traitsIcESaIcEEEE11ValuePolicyINS0_9EqMatcherIS7_EELb0EE4InitISD_EEvRSA_OT_
FN:424,426,_ZN7testing8internal11MatcherBaseIRKSt17basic_string_viewIcSt11char_traitsIcEEE11ValuePolicyINS0_9EqMatcherINSt7__cxx1112basic_stringIcS4_SaIcEEEEELb0EE4InitISF_EEvRS8_OT_
FN:424,426,_ZN7testing8internal11MatcherBaseISt17basic_string_viewIcSt11char_traitsIcEEE11ValuePolicyINS0_9EqMatcherINSt7__cxx1112basic_stringIcS4_SaIcEEEEELb0EE4InitISD_EEvRS6_OT_
FN:702,705,_ZNK7testing8internal14ComparisonBaseINS0_9EqMatcherINSt7__cxx1112basic_stringIcSt11char_traitsIcESaIcEEEEES8_St8equal_toIvEE10DescribeToEPSo
FN:706,709,_ZNK7testing8internal14ComparisonBaseINS0_9EqMatcherINSt7__cxx1112basic_stringIcSt11char_traitsIcESaIcEEEEES8_St8equal_toIvEE18DescribeNegationToEPSo
FNDA:0,_ZN7testing8internal13SharedPayloadINS0_9EqMatcherINSt7__cxx1112basic_stringIcSt11char_traitsIcESaIcEEEEEE7DestroyEPNS0_17SharedPayloadBaseE
FNDA:0,_ZNK7testing8internal11MatcherBaseIRKNSt7__cxx1112basic_stringIcSt11char_traitsIcESaIcEEEE15MatchAndExplainES9_PNS_19MatchResultListenerE
FNDA:0,_ZNK7testing8internal11MatcherBaseINSt7__cxx1112basic_stringIcSt11char_traitsIcESaIcEEEE10DescribeToEPSo
FNDA:0,_ZNK7testing8internal11MatcherBaseIRKNSt7__cxx1112basic_stringIcSt11char_traitsIcESaIcEEEE10DescribeToEPSo
FNDA:0,_ZNK7testing8internal11MatcherBaseIRKSt17basic_string_viewIcSt11char_traitsIcEEE10DescribeToEPSo
FNDA:0,_ZNK7testing8internal11MatcherBaseISt17basic_string_viewIcSt11char_traitsIcEEE10DescribeToEPSo
FNDA:0,_ZNK7testing8internal11MatcherBaseINSt7__cxx1112basic_stringIcSt11char_traitsIcESaIcEEEE18DescribeNegationToEPSo
FNDA:0,_ZNK7testing8internal11MatcherBaseIRKNSt7__cxx1112basic_stringIcSt11char_traitsIcESaIcEEEE18DescribeNegationToEPSo
FNDA:0,_ZNK7testing8internal11MatcherBaseIRKSt17basic_string_viewIcSt11char_traitsIcEEE18DescribeNegationToEPSo
FNDA:0,_ZNK7testing8internal11MatcherBaseISt17basic_string_viewIcSt11char_traitsIcEEE18DescribeNegationToEPSo
FNDA:0,_ZN7testing8internal11MatcherBaseINSt7__cxx1112basic_stringIcSt11char_traitsIcESaIcEEEED0Ev
FNDA:0,_ZN7testing8internal11MatcherBaseINSt7__cxx1112basic_stringIcSt11char_traitsIcESaIcEEEED2Ev
FNDA:0,_ZN7testing8internal11MatcherBaseIRKNSt7__cxx1112basic_stringIcSt11char_traitsIcESaIcEEEED0Ev
FNDA:0,_ZN7testing8internal11MatcherBaseIRKNSt7__cxx1112basic_stringIcSt11char_traitsIcESaIcEEEED2Ev
FNDA:0,_ZN7testing8internal11MatcherBaseIRKSt17basic_string_viewIcSt11char_traitsIcEEED0Ev
FNDA:0,_ZN7testing8internal11MatcherBaseIRKSt17basic_string_viewIcSt11char_traitsIcEEED2Ev
FNDA:0,_ZN7testing8internal11MatcherBaseISt17basic_string_viewIcSt11char_traitsIcEEED0Ev
FNDA:0,_ZN7testing8internal11MatcherBaseISt17basic_string_viewIcSt11char_traitsIcEEED2Ev
FNDA:0,_ZN7testing8internal11MatcherBaseINSt7__cxx1112basic_stringIcSt11char_traitsIcESaIcEEEE19MatchAndExplainImplINS8_11ValuePolicyINS0_9EqMatcherIS7_EELb0EEEEEDTcldtclsrT_3Getfp_E15MatchAndExplainfp0_clptfp1_L_ZNS_19MatchResultListener6streamEvEEEERKS8_RKS7_PSF_
FNDA:0,_ZN7testing8internal11MatcherBaseIRKNSt7__cxx1112basic_stringIcSt11char_traitsIcESaIcEEEE19MatchAndExplainImplINSA_11ValuePolicyINS0_9EqMatcherIS7_EELb0EEEEEDTcldtclsrT_3Getfp_E15MatchAndExplainfp0_clptfp1_L_ZNS_19MatchResultListener6streamEvEEEERKSA_S9_PSH_
FNDA:0,_ZN7testing8internal11MatcherBaseIRKSt17basic_string_viewIcSt11char_traitsIcEEE19MatchAndExplainImplINS8_11ValuePolicyINS0_9EqMatcherINSt7__cxx1112basic_stringIcS4_SaIcEEEEELb0EEEEEDTcldtclsrT_3Getfp_E15MatchAndExplainfp0_clptfp1_L_ZNS_19MatchResultListener6streamEvEEEERKS8_S7_PSJ_
FNDA:0,_ZN7testing8internal11MatcherBaseISt17basic_string_viewIcSt11char_traitsIcEEE19MatchAndExplainImplINS6_11ValuePolicyINS0_9EqMatcherINSt7__cxx1112basic_stringIcS4_SaIcEEEEELb0EEEEEDTcldtclsrT_3Getfp_E15MatchAndExplainfp0_clptfp1_L_ZNS_19MatchResultListener6streamEvEEEERKS6_RKS5_PSH_
FNDA:0,_ZN7testing8internal11MatcherBaseINSt7__cxx1112basic_stringIcSt11char_traitsIcESaIcEEEE12DescribeImplINS8_11ValuePolicyINS0_9EqMatcherIS7_EELb0EEEEEvRKS8_PSob
FNDA:0,_ZN7testing8internal11MatcherBaseIRKNSt7__cxx1112basic_stringIcSt11char_traitsIcESaIcEEEE12DescribeImplINSA_11ValuePolicyINS0_9EqMatcherIS7_EELb0EEEEEvRKSA_PSob
FNDA:0,_ZN7testing8internal11MatcherBaseIRKSt17basic_string_viewIcSt11char_traitsIcEEE12DescribeImplINS8_11ValuePolicyINS0_9EqMatcherINSt7__cxx1112basic_stringIcS4_SaIcEEEEELb0EEEEEvRKS8_PSob
FNDA:0,_ZN7testing8internal11MatcherBaseISt17basic_string_viewIcSt11char_traitsIcEEE12DescribeImplINS6_11ValuePolicyINS0_9EqMatcherINSt7__cxx1112basic_stringIcS4_SaIcEEEEELb0EEEEEvRKS6_PSob
FNDA:0,_ZN7testing8internal11MatcherBaseINSt7__cxx1112basic_stringIcSt11char_traitsIcESaIcEEEE16GetDescriberImplINS8_11ValuePolicyINS0_9EqMatcherIS7_EELb0EEEEEPKNS_25MatcherDescriberInterfaceERKS8_
FNDA:0,_ZN7testing8internal11MatcherBaseIRKNSt7__cxx1112basic_stringIcSt11char_traitsIcESaIcEEEE16GetDescriberImplINSA_11ValuePolicyINS0_9EqMatcherIS7_EELb0EEEEEPKNS_25MatcherDescriberInterfaceERKSA_
FNDA:0,_ZN7testing8internal11MatcherBaseIRKSt17basic_string_viewIcSt11char_traitsIcEEE16GetDescriberImplINS8_11ValuePolicyINS0_9EqMatcherINSt7__cxx1112basic_stringIcS4_SaIcEEEEELb0EEEEEPKNS_25MatcherDescriberInterfaceERKS8_
FNDA:0,_ZN7testing8internal11MatcherBaseISt17basic_string_viewIcSt11char_traitsIcEEE16GetDescriberImplINS6_11ValuePolicyINS0_9EqMatcherINSt7__cxx1112basic_stringIcS4_SaIcEEEEELb0EEEEEPKNS_25MatcherDescriberInterfaceERKS6_
FNDA:0,_ZN7testing8internal11MatcherBaseINSt7__cxx1112basic_stringIcSt11char_traitsIcESaIcEEEE7DestroyEv
FNDA:0,_ZN7testing8internal11MatcherBaseIRKNSt7__cxx1112basic_stringIcSt11char_traitsIcESaIcEEEE7DestroyEv
FNDA:0,_ZN7testing8internal11MatcherBaseIRKSt17basic_string_viewIcSt11char_traitsIcEEE7DestroyEv
FNDA:0,_ZN7testing8internal11MatcherBaseISt17basic_string_viewIcSt11char_traitsIcEEE7DestroyEv
FNDA:0,_ZN7testing8internal11MatcherBaseINSt7__cxx1112basic_stringIcSt11char_traitsIcESaIcEEEE11ValuePolicyINS0_9EqMatcherIS7_EELb0EE4InitISB_EEvRS8_OT_
FNDA:0,_ZN7testing8internal11MatcherBaseIRKNSt7__cxx1112basic_stringIcSt11char_traitsIcESaIcEEEE11ValuePolicyINS0_9EqMatcherIS7_EELb0EE4InitISD_EEvRSA_OT_
FNDA:0,_ZN7testing8internal11MatcherBaseIRKSt17basic_string_viewIcSt11char_traitsIcEEE11ValuePolicyINS0_9EqMatcherINSt7__cxx1112basic_stringIcS4_SaIcEEEEELb0EE4InitISF_EEvRS8_OT_
FNDA:0,_ZN7testing8internal11MatcherBaseISt17basic_string_viewIcSt11char_traitsIcEEE11ValuePolicyINS0_9EqMatcherINSt7__cxx1112basic_stringIcS4_SaIcEEEEELb0EE4InitISD_EEvRS6_OT_
FNDA:0,_ZNK7testing8internal14ComparisonBaseINS0_9EqMatcherINSt7__cxx1112basic_stringIcSt11char_traitsIcESaIcEEEEES8_St8equal_toIvEE10DescribeToEPSo
FNDA:0,_ZNK7testing8internal14ComparisonBaseINS0_9EqMatcherINSt7__cxx1112basic_stringIcSt11char_traitsIcESaIcEEEEES8_St8equal_toIvEE18DescribeNegationToEPSo
FNF:40
FNH:0
DA:83,0
DA:95,0
DA:110,0
DA:114,0
DA:116,0
DA:183,0
DA:185,0
DA:206,0
DA:209,0
DA:213,0
DA:215,0
DA:217,0
DA:218,0
DA:219,0
DA:232,0
DA:233,0
DA:234,0
DA:238,0
DA:239,0
DA:240,0
DA:241,0
DA:244,0
DA:245,0
DA:246,0
DA:247,0
DA:250,0
DA:251,0
DA:252,0
DA:253,0
DA:270,0
DA:281,0
DA:282,0
DA:299,0
DA:300,0
DA:301,0
DA:304,0
DA:305,0
DA:306,0
DA:307,0
DA:308,0
DA:309,0
DA:310,0
DA:313,0
DA:327,0
DA:328,0
DA:333,0
DA:336,0
DA:347,0
DA:349,0
DA:350,0
DA:352,0
DA:354,0
DA:357,0
DA:369,0
DA:373,0
DA:389,0
DA:390,0
DA:391,0
DA:393,0
DA:420,0
DA:421,0
DA:424,0
DA:425,0
DA:426,0
DA:445,0
DA:448,0
DA:449,0
DA:494,0
DA:504,0
DA:505,0
DA:516,0
DA:528,0
DA:529,0
DA:544,0
DA:554,0
DA:555,0
DA:570,0
DA:582,0
DA:583,0
DA:692,0
DA:694,0
DA:699,0
DA:700,0
DA:702,0
DA:703,0
DA:704,0
DA:705,0
DA:706,0
DA:707,0
DA:708,0
DA:709,0
DA:725,0
DA:727,0
DA:728,0
DA:729,0
DA:730,0
DA:862,0
DA:863,0
LF:98
LH:0
end_of_record
TN:
SF:/home/runner/work/TDDThreadSafeContainer/TDDThreadSafeContainer/tests/googletest/googletest/include/gtest/gtest-message.h
FN:112,114,_ZN7testing7MessageC2ERKS0_
FN:181,188,_ZN7testing7MessagelsIKcEERS0_RKPT_
FN:181,188,_ZN7testing7MessagelsIcEERS0_RKPT_
FN:231,233,_ZN7testinglsERSoRKNS_7MessageE
FN:242,244,_ZN7testing8internal18StreamableToStringIPcEENSt7__cxx1112basic_stringIcSt11char_traitsIcESaIcEEERKT_
FN:242,244,_ZN7testing8internal18StreamableToStringIPwEENSt7__cxx1112basic_stringIcSt11char_traitsIcESaIcEEERKT_
FN:242,244,_ZN7testing8internal18StreamableToStringIiEENSt7__cxx1112basic_stringIcSt11char_traitsIcESaIcEEERKT_
FN:242,244,_ZN7testing8internal18StreamableToStringIlEENSt7__cxx1112basic_stringIcSt11char_traitsIcESaIcEEERKT_
FNDA:0,_ZN7testing7MessageC2ERKS0_
FNDA:22,_ZN7testing7MessagelsIKcEERS0_RKPT_
FNDA:1,_ZN7testing7MessagelsIcEERS0_RKPT_
FNDA:0,_ZN7testinglsERSoRKNS_7MessageE
FNDA:1,_ZN7testing8internal18StreamableToStringIPcEENSt7__cxx1112basic_stringIcSt11char_traitsIcESaIcEEERKT_
FNDA:0,_ZN7testing8internal18StreamableToStringIPwEENSt7__cxx1112basic_stringIcSt11char_traitsIcESaIcEEERKT_
FNDA:7,_ZN7testing8internal18StreamableToStringIiEENSt7__cxx1112basic_stringIcSt11char_traitsIcESaIcEEERKT_
FNDA:11,_ZN7testing8internal18StreamableToStringIlEENSt7__cxx1112basic_stringIcSt11char_traitsIcESaIcEEERKT_
FNF:8
FNH:5
DA:101,88
DA:112,0
DA:113,0
DA:114,0
DA:132,0
DA:148,482
DA:181,23
DA:182,23
DA:183,0
DA:185,23
DA:187,23
DA:231,0
DA:232,0
DA:242,19
DA:243,56
LF:15
LH:8
end_of_record
TN:
SF:/home/runner/work/TDDThreadSafeContainer/TDDThreadSafeContainer/tests/googletest/googletest/include/gtest/gtest-printers.h
FN:1092,1098,_ZN7testing8internal21UniversalTersePrinterIPKcE5PrintES3_PSo
FN:1155,1161,_ZN7testing8internal21UniversalTersePrinterIPKwE5PrintES3_PSo
FN:1223,1227,_ZN7testing13PrintToStringINSt7__cxx1112basic_stringIcSt11char_traitsIcESaIcEEEEES6_RKT_
FN:1223,1227,_ZN7testing13PrintToStringIPKcEENSt7__cxx1112basic_stringIcSt11char_traitsIcESaIcEEERKT_
FN:1223,1227,_ZN7testing13PrintToStringIPKwEENSt7__cxx1112basic_stringIcSt11char_traitsIcESaIcEEERKT_
FN:1223,1227,_ZN7testing13PrintToStringIiEENSt7__cxx1112basic_stringIcSt11char_traitsIcESaIcEEERKT_
FNDA:0,_ZN7testing8internal21UniversalTersePrinterIPKcE5PrintES3_PSo
FNDA:0,_ZN7testing8internal21UniversalTersePrinterIPKwE5PrintES3_PSo
FNDA:0,_ZN7testing13PrintToStringINSt7__cxx1112basic_stringIcSt11char_traitsIcESaIcEEEEES6_RKT_
FNDA:0,_ZN7testing13PrintToStringIPKcEENSt7__cxx1112basic_stringIcSt11char_traitsIcESaIcEEERKT_
FNDA:0,_ZN7testing13PrintToStringIPKwEENSt7__cxx1112basic_stringIcSt11char_traitsIcESaIcEEERKT_
FNDA:0,_ZN7testing13PrintToStringIiEENSt7__cxx1112basic_stringIcSt11char_traitsIcESaIcEEERKT_
FNF:6
FNH:0
DA:248,0
DA:252,0
DA:352,0
DA:362,0
DA:383,0
DA:384,0
DA:463,0
DA:465,0
DA:490,0
DA:491,0
DA:700,0
DA:701,0
DA:727,0
DA:728,0
DA:874,0
DA:883,0
DA:1064,0
DA:1065,0
DA:1092,0
DA:1093,0
DA:1094,0
DA:1096,0
DA:1098,0
DA:1155,0
DA:1156,0
DA:1157,0
DA:1159,0
DA:1161,0
DA:1183,0
DA:1187,0
DA:1223,0
DA:1224,0
DA:1225,0
DA:1226,0
DA:1227,0
LF:35
LH:0
end_of_record
TN:
SF:/home/runner/work/TDDThreadSafeContainer/TDDThreadSafeContainer/tests/googletest/googletest/include/gtest/gtest-test-part.h
FN:68,74,_ZN7testing14TestPartResultC2ENS0_4TypeEPKciS3_
FNDA:0,_ZN7testing14TestPartResultC2ENS0_4TypeEPKciS3_
FNF:1
FNH:0
DA:68,0
DA:70,0
DA:71,0
DA:72,0
DA:73,0
DA:74,0
DA:77,0
DA:81,0
DA:82,0
DA:87,0
DA:90,0
DA:93,0
DA:96,0
DA:102,0
DA:105,0
DA:108,0
DA:155,1
DA:157,0
LF:18
LH:1
end_of_record
TN:
SF:/home/runner/work/TDDThreadSafeContainer/TDDThreadSafeContainer/tests/googletest/googletest/include/gtest/gtest.h
FN:1002,1002,_ZN7testing22EmptyTestEventListener15OnTestCaseStartERKNS_9TestSuiteE
FN:1005,1005,_ZN7testing22EmptyTestEventListener11OnTestStartERKNS_8TestInfoE
FN:1006,1006,_ZN7testing22EmptyTestEventListener14OnTestDisabledERKNS_8TestInfoE
FN:1007,1007,_ZN7testing22EmptyTestEventListener16OnTestPartResultERKNS_14TestPartResultE
FN:1008,1008,_ZN7testing22EmptyTestEventListener9OnTestEndERKNS_8TestInfoE
FN:1009,1009,_ZN7testing22EmptyTestEventListener14OnTestSuiteEndERKNS_9TestSuiteE
FN:1011,1011,_ZN7testing22EmptyTestEventListener13OnTestCaseEndERKNS_9TestSuiteE
FN:1014,1014,_ZN7testing22EmptyTestEventListener27OnEnvironmentsTearDownStartERKNS_8UnitTestE
FN:1015,1015,_ZN7testing22EmptyTestEventListener25OnEnvironmentsTearDownEndERKNS_8UnitTestE
FN:1016,1017,_ZN7testing22EmptyTestEventListener18OnTestIterationEndERKNS_8UnitTestEi
FN:1018,1018,_ZN7testing22EmptyTestEventListener16OnTestProgramEndERKNS_8UnitTestE
FN:1374,1380,_ZN7testing8internal18CmpHelperEQFailureINSt7__cxx1112basic_stringIcSt11char_traitsIcESaIcEEES7_EENS_15AssertionResultEPKcSA_RKT_RKT0_
FN:1374,1380,_ZN7testing8internal18CmpHelperEQFailureIiiEENS_15AssertionResultEPKcS4_RKT_RKT0_
FN:1391,1399,_ZN7testing8internal11CmpHelperEQINSt7__cxx1112basic_stringIcSt11char_traitsIcESaIcEEES7_EENS_15AssertionResultEPKcSA_RKT_RKT0_
FN:1391,1399,_ZN7testing8internal11CmpHelperEQIiiEENS_15AssertionResultEPKcS4_RKT_RKT0_
FN:2299,2319,_ZN7testing12RegisterTestIJEZNS_8internal23InsertSyntheticTestCaseERKNSt7__cxx1112basic_stringIcSt11char_traitsIcESaIcEEENS1_12CodeLocationEbEUlvE_EEPNS_8TestInfoEPKcSF_SF_SF_SF_iT0_
FN:2299,2319,_ZN7testing12RegisterTestIJEZNS_8internal34TypeParameterizedTestSuiteRegistry22CheckForInstantiationsEvEUlvE_EEPNS_8TestInfoEPKcS7_S7_S7_S7_iT0_
FN:2306,2306,_ZZN7testing12RegisterTestIJEZNS_8internal23InsertSyntheticTestCaseERKNSt7__cxx1112basic_stringIcSt11char_traitsIcESaIcEEENS1_12CodeLocationEbEUlvE_EEPNS_8TestInfoEPKcSF_SF_SF_SF_iT0_EN11FactoryImplC2ESB_
FN:2307,2307,_ZZN7testing12RegisterTestIJEZNS_8internal23InsertSyntheticTestCaseERKNSt7__cxx1112basic_stringIcSt11char_traitsIcESaIcEEENS1_12CodeLocationEbEUlvE_EEPNS_8TestInfoEPKcSF_SF_SF_SF_iT0_EN11FactoryImpl10CreateTestEv
FN:2307,2307,_ZZN7testing12RegisterTestIJEZNS_8internal34TypeParameterizedTestSuiteRegistry22CheckForInstantiationsEvEUlvE_EEPNS_8TestInfoEPKcS7_S7_S7_S7_iT0_EN11FactoryImpl10CreateTestEv
FN:2334,2334,_Z13RUN_ALL_TESTSv
FN:335,335,_ZN7testing4Test11DeleteSelf_Ev
FN:356,356,_ZN7testing4Test5SetupEv
FN:374,375,_ZN7testing12TestPropertyC2ERKNSt7__cxx1112basic_stringIcSt11char_traitsIcESaIcEEES8_
FN:415,415,_ZNK7testing10TestResult6PassedEv
FN:638,640,_ZN7testing8TestInfo15ClearTestResultEPS0_
FN:734,736,_ZNK7testing9TestSuite6FailedEv
FN:780,782,_ZN7testing9TestSuite20ClearTestSuiteResultEPS0_
FN:792,796,_ZN7testing9TestSuite17RunSetUpTestSuiteEv
FN:800,804,_ZN7testing9TestSuite20RunTearDownTestSuiteEv
FN:807,809,_ZN7testing9TestSuite10TestPassedEPKNS_8TestInfoE
FN:812,814,_ZN7testing9TestSuite11TestSkippedEPKNS_8TestInfoE
FN:817,819,_ZN7testing9TestSuite10TestFailedEPKNS_8TestInfoE
FN:823,825,_ZN7testing9TestSuite22TestReportableDisabledEPKNS_8TestInfoE
FN:828,830,_ZN7testing9TestSuite12TestDisabledEPKNS_8TestInfoE
FN:833,835,_ZN7testing9TestSuite14TestReportableEPKNS_8TestInfoE
FN:838,840,_ZN7testing9TestSuite13ShouldRunTestEPKNS_8TestInfoE
FN:896,896,_ZN7testing11EnvironmentD0Ev
FN:896,896,_ZN7testing11EnvironmentD2Ev
FN:899,899,_ZN7testing11Environment5SetUpEv
FN:902,902,_ZN7testing11Environment8TearDownEv
FN:945,945,_ZN7testing17TestEventListener16OnTestSuiteStartERKNS_9TestSuiteE
FN:949,949,_ZN7testing17TestEventListener15OnTestCaseStartERKNS_9TestSuiteE
FN:956,956,_ZN7testing17TestEventListener14OnTestDisabledERKNS_8TestInfoE
FN:967,967,_ZN7testing17TestEventListener14OnTestSuiteEndERKNS_9TestSuiteE
FN:971,971,_ZN7testing17TestEventListener13OnTestCaseEndERKNS_9TestSuiteE
FN:994,994,_ZN7testing22EmptyTestEventListener18OnTestProgramStartERKNS_8UnitTestE
FN:995,996,_ZN7testing22EmptyTestEventListener20OnTestIterationStartERKNS_8UnitTestEi
FN:997,997,_ZN7testing22EmptyTestEventListener24OnEnvironmentsSetUpStartERKNS_8UnitTestE
FN:998,998,_ZN7testing22EmptyTestEventListener22OnEnvironmentsSetUpEndERKNS_8UnitTestE
FN:999,999,_ZN7testing22EmptyTestEventListener16OnTestSuiteStartERKNS_9TestSuiteE
FNDA:0,_ZN7testing22EmptyTestEventListener15OnTestCaseStartERKNS_9TestSuiteE
FNDA:0,_ZN7testing22EmptyTestEventListener11OnTestStartERKNS_8TestInfoE
FNDA:0,_ZN7testing22EmptyTestEventListener14OnTestDisabledERKNS_8TestInfoE
FNDA:0,_ZN7testing22EmptyTestEventListener16OnTestPartResultERKNS_14TestPartResultE
FNDA:0,_ZN7testing22EmptyTestEventListener9OnTestEndERKNS_8TestInfoE
FNDA:0,_ZN7testing22EmptyTestEventListener14OnTestSuiteEndERKNS_9TestSuiteE
FNDA:0,_ZN7testing22EmptyTestEventListener13OnTestCaseEndERKNS_9TestSuiteE
FNDA:0,_ZN7testing22EmptyTestEventListener27OnEnvironmentsTearDownStartERKNS_8UnitTestE
FNDA:0,_ZN7testing22EmptyTestEventListener25OnEnvironmentsTearDownEndERKNS_8UnitTestE
FNDA:0,_ZN7testing22EmptyTestEventListener18OnTestIterationEndERKNS_8UnitTestEi
FNDA:0,_ZN7testing22EmptyTestEventListener16OnTestProgramEndERKNS_8UnitTestE
FNDA:0,_ZN7testing8internal18CmpHelperEQFailureINSt7__cxx1112basic_stringIcSt11char_traitsIcESaIcEEES7_EENS_15AssertionResultEPKcSA_RKT_RKT0_
FNDA:0,_ZN7testing8internal18CmpHelperEQFailureIiiEENS_15AssertionResultEPKcS4_RKT_RKT0_
FNDA:11004,_ZN7testing8internal11CmpHelperEQINSt7__cxx1112basic_stringIcSt11char_traitsIcESaIcEEES7_EENS_15AssertionResultEPKcSA_RKT_RKT0_
FNDA:3,_ZN7testing8internal11CmpHelperEQIiiEENS_15AssertionResultEPKcS4_RKT_RKT0_
FNDA:0,_ZN7testing12RegisterTestIJEZNS_8internal23InsertSyntheticTestCaseERKNSt7__cxx1112basic_stringIcSt11char_traitsIcESaIcEEENS1_12CodeLocationEbEUlvE_EEPNS_8TestInfoEPKcSF_SF_SF_SF_iT0_
FNDA:0,_ZN7testing12RegisterTestIJEZNS_8internal34TypeParameterizedTestSuiteRegistry22CheckForInstantiationsEvEUlvE_EEPNS_8TestInfoEPKcS7_S7_S7_S7_iT0_
FNDA:0,_ZZN7testing12RegisterTestIJEZNS_8internal23InsertSyntheticTestCaseERKNSt7__cxx1112basic_stringIcSt11char_traitsIcESaIcEEENS1_12CodeLocationEbEUlvE_EEPNS_8TestInfoEPKcSF_SF_SF_SF_iT0_EN11FactoryImplC2ESB_
FNDA:0,_ZZN7testing12RegisterTestIJEZNS_8internal23InsertSyntheticTestCaseERKNSt7__cxx1112basic_stringIcSt11char_traitsIcESaIcEEENS1_12CodeLocationEbEUlvE_EEPNS_8TestInfoEPKcSF_SF_SF_SF_iT0_EN11FactoryImpl10CreateTestEv
FNDA:0,_ZZN7testing12RegisterTestIJEZNS_8internal34TypeParameterizedTestSuiteRegistry22CheckForInstantiationsEvEUlvE_EEPNS_8TestInfoEPKcS7_S7_S7_S7_iT0_EN11FactoryImpl10CreateTestEv
FNDA:1,_Z13RUN_ALL_TESTSv
FNDA:9,_ZN7testing4Test11DeleteSelf_Ev
FNDA:0,_ZN7testing4Test5SetupEv
FNDA:0,_ZN7testing12TestPropertyC2ERKNSt7__cxx1112basic_stringIcSt11char_traitsIcESaIcEEES8_
FNDA:18,_ZNK7testing10TestResult6PassedEv
FNDA:9,_ZN7testing8TestInfo15ClearTestResultEPS0_
FNDA:2,_ZNK7testing9TestSuite6FailedEv
FNDA:1,_ZN7testing9TestSuite20ClearTestSuiteResultEPS0_
FNDA:1,_ZN7testing9TestSuite17RunSetUpTestSuiteEv
FNDA:1,_ZN7testing9TestSuite20RunTearDownTestSuiteEv
FNDA:9,_ZN7testing9TestSuite10TestPassedEPKNS_8TestInfoE
FNDA:9,_ZN7testing9TestSuite11TestSkippedEPKNS_8TestInfoE
FNDA:18,_ZN7testing9TestSuite10TestFailedEPKNS_8TestInfoE
FNDA:9,_ZN7testing9TestSuite22TestReportableDisabledEPKNS_8TestInfoE
FNDA:0,_ZN7testing9TestSuite12TestDisabledEPKNS_8TestInfoE
FNDA:0,_ZN7testing9TestSuite14TestReportableEPKNS_8TestInfoE
FNDA:36,_ZN7testing9TestSuite13ShouldRunTestEPKNS_8TestInfoE
FNDA:0,_ZN7testing11EnvironmentD0Ev
FNDA:0,_ZN7testing11EnvironmentD2Ev
FNDA:0,_ZN7testing11Environment5SetUpEv
FNDA:0,_ZN7testing11Environment8TearDownEv
FNDA:1,_ZN7testing17TestEventListener16OnTestSuiteStartERKNS_9TestSuiteE
FNDA:0,_ZN7testing17TestEventListener15OnTestCaseStartERKNS_9TestSuiteE
FNDA:0,_ZN7testing17TestEventListener14OnTestDisabledERKNS_8TestInfoE
FNDA:1,_ZN7testing17TestEventListener14OnTestSuiteEndERKNS_9TestSuiteE
FNDA:0,_ZN7testing17TestEventListener13OnTestCaseEndERKNS_9TestSuiteE
FNDA:0,_ZN7testing22EmptyTestEventListener18OnTestProgramStartERKNS_8UnitTestE
FNDA:0,_ZN7testing22EmptyTestEventListener20OnTestIterationStartERKNS_8UnitTestEi
FNDA:0,_ZN7testing22EmptyTestEventListener24OnEnvironmentsSetUpStartERKNS_8UnitTestE
FNDA:0,_ZN7testing22EmptyTestEventListener22OnEnvironmentsSetUpEndERKNS_8UnitTestE
FNDA:0,_ZN7testing22EmptyTestEventListener16OnTestSuiteStartERKNS_9TestSuiteE
FNF:51
FNH:17
DA:335,9
DA:356,0
DA:369,0
DA:374,0
DA:375,0
DA:378,0
DA:381,0
DA:384,0
DA:415,36
DA:430,9
DA:434,0
DA:467,9
DA:470,9
DA:491,0
DA:494,0
DA:540,18
DA:548,27
DA:552,0
DA:553,9
DA:559,0
DA:560,0
DA:565,18
DA:568,18
DA:571,0
DA:589,0
DA:592,0
DA:595,9
DA:599,18
DA:627,0
DA:628,0
DA:638,9
DA:639,9
DA:640,9
DA:694,2
DA:698,0
DA:699,1
DA:704,13
DA:731,0
DA:734,2
DA:735,6
DA:739,1
DA:743,0
DA:751,3
DA:758,2
DA:762,9
DA:770,10
DA:780,1
DA:781,1
DA:782,1
DA:792,1
DA:793,1
DA:794,0
DA:796,1
DA:800,1
DA:801,1
DA:802,0
DA:804,1
DA:807,9
DA:808,18
DA:812,9
DA:813,18
DA:817,18
DA:818,36
DA:823,9
DA:824,18
DA:828,0
DA:829,0
DA:833,0
DA:834,0
DA:838,36
DA:839,36
DA:896,0
DA:899,0
DA:902,0
DA:925,2
DA:927,0
DA:945,1
DA:949,0
DA:956,0
DA:967,1
DA:971,0
DA:992,0
DA:994,0
DA:995,0
DA:996,0
DA:997,0
DA:998,0
DA:999,0
DA:1002,0
DA:1005,0
DA:1006,0
DA:1007,0
DA:1008,0
DA:1009,0
DA:1011,0
DA:1014,0
DA:1015,0
DA:1016,0
DA:1017,0
DA:1018,0
DA:1280,146
DA:1281,7
DA:1374,0
DA:1379,0
DA:1391,11007
DA:1394,11007
DA:1395,11007
DA:1398,0
DA:1410,11007
DA:1413,11007
DA:1631,0
DA:1632,0
DA:1634,0
DA:2299,0
DA:2306,0
DA:2307,0
DA:2313,0
DA:2315,0
DA:2318,0
DA:2334,2
LF:120
LH:55
end_of_record
TN:
SF:/home/runner/work/TDDThreadSafeContainer/TDDThreadSafeContainer/tests/googletest/googletest/include/gtest/internal/gtest-death-test-internal.h
FN:277,279,_ZN7testing8internal24InternalRunDeathTestFlagD2Ev
FNDA:0,_ZN7testing8internal24InternalRunDeathTestFlagD2Ev
FNF:1
FNH:0
DA:112,0
DA:175,1
DA:184,1
DA:273,0
DA:275,0
DA:277,0
DA:278,0
DA:279,0
DA:281,0
DA:282,0
DA:283,0
DA:284,0
LF:12
LH:2
end_of_record
TN:
SF:/home/runner/work/TDDThreadSafeContainer/TDDThreadSafeContainer/tests/googletest/googletest/include/gtest/internal/gtest-filepath.h
FNF:0
FNH:0
DA:70,2
DA:72,1
DA:73,0
DA:76,0
DA:77,0
DA:84,0
DA:85,0
DA:86,0
DA:89,0
DA:91,0
DA:92,0
DA:124,10
LF:12
LH:3
end_of_record
TN:
SF:/home/runner/work/TDDThreadSafeContainer/TDDThreadSafeContainer/tests/googletest/googletest/include/gtest/internal/gtest-internal.h
FN:293,293,_ZN7testing8internal13FloatingPointIdEC2Ed
FN:293,293,_ZN7testing8internal13FloatingPointIfEC2Ef
FN:336,342,_ZNK7testing8internal13FloatingPointIdE12AlmostEqualsERKS2_
FN:336,342,_ZNK7testing8internal13FloatingPointIfE12AlmostEqualsERKS2_
FN:448,448,_ZN7testing8internal15TestFactoryImplI33storage_test_test_store_load_TestE10CreateTestEv
FN:448,448,_ZN7testing8internal15TestFactoryImplI36storage_test_test_invalid_store_TestE10CreateTestEv
FN:448,448,_ZN7testing8internal15TestFactoryImplI36storage_test_test_thread_access_TestE10CreateTestEv
FN:448,448,_ZN7testing8internal15TestFactoryImplI38storage_test_test_remove_contains_TestE10CreateTestEv
FN:448,448,_ZN7testing8internal15TestFactoryImplI38storage_test_test_unexistant_load_TestE10CreateTestEv
FN:448,448,_ZN7testing8internal15TestFactoryImplI40storage_test_test_unexistant_remove_TestE10CreateTestEv
FN:448,448,_ZN7testing8internal15TestFactoryImplI42storage_test_test_invalid_constructor_TestE10CreateTestEv
FN:448,448,_ZN7testing8internal15TestFactoryImplI58storage_test_test_correct_storage_and_cache_work_load_TestE10CreateTestEv
FN:448,448,_ZN7testing8internal15TestFactoryImplI60storage_test_test_correct_storage_and_cache_work_remove_TestE10CreateTestEv
FN:497,516,_ZN7testing8internal16SuiteApiResolverINS_4TestEE19GetSetUpCaseOrSuiteEPKci
FN:518,537,_ZN7testing8internal16SuiteApiResolverINS_4TestEE22GetTearDownCaseOrSuiteEPKci
FN:627,635,_ZN7testing8internal9SkipCommaEPKc
FN:639,642,_ZN7testing8internal19GetPrefixUntilCommaB5cxx11EPKc
FNDA:0,_ZN7testing8internal13FloatingPointIdEC2Ed
FNDA:0,_ZN7testing8internal13FloatingPointIfEC2Ef
FNDA:0,_ZNK7testing8internal13FloatingPointIdE12AlmostEqualsERKS2_
FNDA:0,_ZNK7testing8internal13FloatingPointIfE12AlmostEqualsERKS2_
FNDA:1,_ZN7testing8internal15TestFactoryImplI33storage_test_test_store_load_TestE10CreateTestEv
FNDA:1,_ZN7testing8internal15TestFactoryImplI36storage_test_test_invalid_store_TestE10CreateTestEv
FNDA:1,_ZN7testing8internal15TestFactoryImplI36storage_test_test_thread_access_TestE10CreateTestEv
FNDA:1,_ZN7testing8internal15TestFactoryImplI38storage_test_test_remove_contains_TestE10CreateTestEv
FNDA:1,_ZN7testing8internal15TestFactoryImplI38storage_test_test_unexistant_load_TestE10CreateTestEv
FNDA:1,_ZN7testing8internal15TestFactoryImplI40storage_test_test_unexistant_remove_TestE10CreateTestEv
FNDA:1,_ZN7testing8internal15TestFactoryImplI42storage_test_test_invalid_constructor_TestE10CreateTestEv
FNDA:1,_ZN7testing8internal15TestFactoryImplI58storage_test_test_correct_storage_and_cache_work_load_TestE10CreateTestEv
FNDA:1,_ZN7testing8internal15TestFactoryImplI60storage_test_test_correct_storage_and_cache_work_remove_TestE10CreateTestEv
FNDA:9,_ZN7testing8internal16SuiteApiResolverINS_4TestEE19GetSetUpCaseOrSuiteEPKci
FNDA:9,_ZN7testing8internal16SuiteApiResolverINS_4TestEE22GetTearDownCaseOrSuiteEPKci
FNDA:0,_ZN7testing8internal9SkipCommaEPKc
FNDA:0,_ZN7testing8internal19GetPrefixUntilCommaB5cxx11EPKc
FNF:17
FNH:11
DA:293,0
DA:315,0
DA:318,0
DA:324,0
DA:327,0
DA:336,0
DA:339,0
DA:341,0
DA:360,0
DA:361,0
DA:363,0
DA:366,0
DA:372,0
DA:373,0
DA:374,0
DA:375,0
DA:410,9
DA:436,0
DA:448,9
DA:468,36
DA:469,0
DA:470,0
DA:497,9
DA:501,9
DA:503,9
DA:505,9
DA:508,0
DA:510,9
DA:518,9
DA:522,9
DA:524,9
DA:526,9
DA:529,0
DA:531,9
DA:627,0
DA:628,0
DA:629,0
DA:632,0
DA:639,0
DA:640,0
DA:641,0
DA:815,0
DA:828,5
DA:829,5
DA:845,1
DA:847,0
LF:46
LH:16
end_of_record
TN:
SF:/home/runner/work/TDDThreadSafeContainer/TDDThreadSafeContainer/tests/googletest/googletest/include/gtest/internal/gtest-param-util.h
FN:694,698,_ZN7testing8internal30ParameterizedTestSuiteRegistryD2Ev
FNDA:1,_ZN7testing8internal30ParameterizedTestSuiteRegistryD2Ev
FNF:1
FNH:1
DA:693,1
DA:694,1
DA:695,1
DA:696,0
DA:698,1
DA:734,1
DA:735,1
DA:736,0
DA:765,2
DA:779,0
DA:780,0
DA:781,0
LF:12
LH:7
end_of_record
TN:
SF:/home/runner/work/TDDThreadSafeContainer/TDDThreadSafeContainer/tests/googletest/googletest/include/gtest/internal/gtest-port.h
FN:1158,1165,_ZN7testing8internal27CheckedDowncastToActualTypeINS0_11ThreadLocalIPNS_31TestPartResultReporterInterfaceEE11ValueHolderENS0_26ThreadLocalValueHolderBaseEEEPT_PT0_
FN:1158,1165,_ZN7testing8internal27CheckedDowncastToActualTypeINS0_11ThreadLocalISt6vectorINS0_9TraceInfoESaIS4_EEE11ValueHolderENS0_26ThreadLocalValueHolderBaseEEEPT_PT0_
FN:1657,1661,_ZN7testing8internal9MutexBase4LockEv
FN:1664,1671,_ZN7testing8internal9MutexBase6UnlockEv
FN:1714,1717,_ZN7testing8internal5MutexC2Ev
FN:1718,1718,_ZN7testing8internal5MutexD2Ev
FN:1753,1753,_ZN7testing8internal26ThreadLocalValueHolderBaseD0Ev
FN:1753,1753,_ZN7testing8internal26ThreadLocalValueHolderBaseD2Ev
FN:1758,1760,DeleteThreadLocalValue
FN:1766,1767,_ZN7testing8internal11ThreadLocalISt6vectorINS0_9TraceInfoESaIS3_EEEC2Ev
FN:1768,1770,_ZN7testing8internal11ThreadLocalIPNS_31TestPartResultReporterInterfaceEEC2ERKS3_
FN:1772,1779,_ZN7testing8internal11ThreadLocalIPNS_31TestPartResultReporterInterfaceEED2Ev
FN:1772,1779,_ZN7testing8internal11ThreadLocalISt6vectorINS0_9TraceInfoESaIS3_EEED2Ev
FN:1801,1808,_ZN7testing8internal11ThreadLocalIPNS_31TestPartResultReporterInterfaceEE9CreateKeyEv
FN:1801,1808,_ZN7testing8internal11ThreadLocalISt6vectorINS0_9TraceInfoESaIS3_EEE9CreateKeyEv
FN:1810,1821,_ZNK7testing8internal11ThreadLocalIPNS_31TestPartResultReporterInterfaceEE16GetOrCreateValueEv
FN:1810,1821,_ZNK7testing8internal11ThreadLocalISt6vectorINS0_9TraceInfoESaIS3_EEE16GetOrCreateValueEv
FN:1837,1837,_ZNK7testing8internal11ThreadLocalISt6vectorINS0_9TraceInfoESaIS3_EEE25DefaultValueHolderFactory13MakeNewHolderEv
FN:1848,1850,_ZNK7testing8internal11ThreadLocalIPNS_31TestPartResultReporterInterfaceEE26InstanceValueHolderFactory13MakeNewHolderEv
FN:1955,1957,_ZN7testing8internal8IsXDigitEc
FN:1959,1961,_ZN7testing8internal8IsXDigitEDu
FN:1963,1966,_ZN7testing8internal8IsXDigitEDs
FN:1967,1970,_ZN7testing8internal8IsXDigitEDi
FN:1971,1974,_ZN7testing8internal8IsXDigitEw
FN:1983,1987,_ZN7testing8internal19StripTrailingSpacesENSt7__cxx1112basic_stringIcSt11char_traitsIcESaIcEEE
FN:2124,2126,_ZN7testing8internal5posix4ReadEiPvj
FNDA:0,_ZN7testing8internal27CheckedDowncastToActualTypeINS0_11ThreadLocalIPNS_31TestPartResultReporterInterfaceEE11ValueHolderENS0_26ThreadLocalValueHolderBaseEEEPT_PT0_
FNDA:0,_ZN7testing8internal27CheckedDowncastToActualTypeINS0_11ThreadLocalISt6vectorINS0_9TraceInfoESaIS4_EEE11ValueHolderENS0_26ThreadLocalValueHolderBaseEEEPT_PT0_
FNDA:20,_ZN7testing8internal9MutexBase4LockEv
FNDA:20,_ZN7testing8internal9MutexBase6UnlockEv
FNDA:13,_ZN7testing8internal5MutexC2Ev
FNDA:13,_ZN7testing8internal5MutexD2Ev
FNDA:0,_ZN7testing8internal26ThreadLocalValueHolderBaseD0Ev
FNDA:0,_ZN7testing8internal26ThreadLocalValueHolderBaseD2Ev
FNDA:0,DeleteThreadLocalValue
FNDA:1,_ZN7testing8internal11ThreadLocalISt6vectorINS0_9TraceInfoESaIS3_EEEC2Ev
FNDA:1,_ZN7testing8internal11ThreadLocalIPNS_31TestPartResultReporterInterfaceEEC2ERKS3_
FNDA:1,_ZN7testing8internal11ThreadLocalIPNS_31TestPartResultReporterInterfaceEED2Ev
FNDA:1,_ZN7testing8internal11ThreadLocalISt6vectorINS0_9TraceInfoESaIS3_EEED2Ev
FNDA:1,_ZN7testing8internal11ThreadLocalIPNS_31TestPartResultReporterInterfaceEE9CreateKeyEv
FNDA:1,_ZN7testing8internal11ThreadLocalISt6vectorINS0_9TraceInfoESaIS3_EEE9CreateKeyEv
FNDA:0,_ZNK7testing8internal11ThreadLocalIPNS_31TestPartResultReporterInterfaceEE16GetOrCreateValueEv
FNDA:0,_ZNK7testing8internal11ThreadLocalISt6vectorINS0_9TraceInfoESaIS3_EEE16GetOrCreateValueEv
FNDA:0,_ZNK7testing8internal11ThreadLocalISt6vectorINS0_9TraceInfoESaIS3_EEE25DefaultValueHolderFactory13MakeNewHolderEv
FNDA:0,_ZNK7testing8internal11ThreadLocalIPNS_31TestPartResultReporterInterfaceEE26InstanceValueHolderFactory13MakeNewHolderEv
FNDA:0,_ZN7testing8internal8IsXDigitEc
FNDA:0,_ZN7testing8internal8IsXDigitEDu
FNDA:0,_ZN7testing8internal8IsXDigitEDs
FNDA:0,_ZN7testing8internal8IsXDigitEDi
FNDA:0,_ZN7testing8internal8IsXDigitEw
FNDA:0,_ZN7testing8internal19StripTrailingSpacesENSt7__cxx1112basic_stringIcSt11char_traitsIcESaIcEEE
FNDA:0,_ZN7testing8internal5posix4ReadEiPvj
FNF:26
FNH:10
DA:1050,0
DA:1067,0
DA:1158,0
DA:1162,0
DA:1164,0
DA:1657,20
DA:1658,20
DA:1659,20
DA:1660,20
DA:1661,20
DA:1664,20
DA:1669,20
DA:1670,20
DA:1671,20
DA:1714,13
DA:1715,13
DA:1716,13
DA:1717,13
DA:1718,13
DA:1732,20
DA:1734,20
DA:1751,0
DA:1753,0
DA:1758,0
DA:1759,0
DA:1760,0
DA:1766,1
DA:1767,2
DA:1768,1
DA:1769,1
DA:1770,2
DA:1772,2
DA:1774,2
DA:1778,2
DA:1779,4
DA:1781,0
DA:1782,0
DA:1783,0
DA:1784,0
DA:1790,0
DA:1791,0
DA:1793,0
DA:1801,2
DA:1805,2
DA:1807,2
DA:1810,0
DA:1812,0
DA:1813,0
DA:1814,0
DA:1817,0
DA:1818,0
DA:1819,0
DA:1820,0
DA:1825,2
DA:1836,1
DA:1837,0
DA:1847,1
DA:1848,0
DA:1849,0
DA:1943,0
DA:1944,0
DA:1949,0
DA:1950,0
DA:1955,0
DA:1956,0
DA:1959,0
DA:1960,0
DA:1963,0
DA:1964,0
DA:1965,0
DA:1967,0
DA:1968,0
DA:1969,0
DA:1971,0
DA:1972,0
DA:1973,0
DA:1979,442
DA:1980,442
DA:1983,0
DA:1984,0
DA:1985,0
DA:1986,0
DA:1987,0
DA:2035,1
DA:2037,0
DA:2044,0
DA:2073,1
DA:2074,0
DA:2075,1
DA:2080,1
DA:2084,1
DA:2085,1
DA:2086,1
DA:2088,1
DA:2105,0
DA:2113,0
DA:2120,0
DA:2122,0
DA:2124,0
DA:2125,0
DA:2127,0
DA:2128,0
DA:2130,0
DA:2135,0
DA:2138,0
DA:2151,0
DA:2163,0
LF:107
LH:41
end_of_record
TN:
SF:/home/runner/work/TDDThreadSafeContainer/TDDThreadSafeContainer/tests/googletest/googletest/include/gtest/internal/gtest-type-util.h
FN:61,87,_ZN7testing8internal31CanonicalizeForStdLibVersioningENSt7__cxx1112basic_stringIcSt11char_traitsIcESaIcEEE
FN:91,121,_ZN7testing8internal11GetTypeNameB5cxx11ERKSt9type_info
FNDA:0,_ZN7testing8internal31CanonicalizeForStdLibVersioningENSt7__cxx1112basic_stringIcSt11char_traitsIcESaIcEEE
FNDA:0,_ZN7testing8internal11GetTypeNameB5cxx11ERKSt9type_info
FNF:2
FNH:0
DA:61,0
DA:62,0
DA:63,0
DA:64,0
DA:65,0
DA:67,0
DA:76,0
DA:78,0
DA:79,0
DA:83,0
DA:84,0
DA:86,0
DA:91,0
DA:92,0
DA:94,0
DA:98,0
DA:100,0
DA:101,0
DA:102,0
DA:103,0
DA:121,0
LF:21
LH:0
end_of_record
TN:
SF:/home/runner/work/TDDThreadSafeContainer/TDDThreadSafeContainer/tests/googletest/googletest/src/gtest-assertion-result.cc
FN:45,49,_ZN7testing15AssertionResultC2ERKS0_
FN:52,56,_ZN7testing15AssertionResult4swapERS0_
FN:59,63,_ZNK7testing15AssertionResultntEv
FN:66,66,_ZN7testing16AssertionSuccessEv
FN:69,69,_ZN7testing16AssertionFailureEv
FN:73,75,_ZN7testing16AssertionFailureERKNS_7MessageE
FNDA:0,_ZN7testing15AssertionResultC2ERKS0_
FNDA:0,_ZN7testing15AssertionResult4swapERS0_
FNDA:0,_ZNK7testing15AssertionResultntEv
FNDA:11007,_ZN7testing16AssertionSuccessEv
FNDA:0,_ZN7testing16AssertionFailureEv
FNDA:0,_ZN7testing16AssertionFailureERKNS_7MessageE
FNF:6
FNH:1
DA:45,0
DA:46,0
DA:47,0
DA:48,0
DA:49,0
DA:52,0
DA:53,0
DA:54,0
DA:55,0
DA:56,0
DA:59,0
DA:60,0
DA:61,0
DA:62,0
DA:63,0
DA:66,0
DA:69,0
DA:73,0
DA:74,0
LF:19
LH:0
end_of_record
TN:
SF:/home/runner/work/TDDThreadSafeContainer/TDDThreadSafeContainer/tests/googletest/googletest/src/gtest-death-test.cc
FN:1072,1074,_ZN7testing8internal16ForkingDeathTestC2EPKcNS_7MatcherIRKNSt7__cxx1112basic_stringIcSt11char_traitsIcESaIcEEEEE
FN:1079,1088,_ZN7testing8internal16ForkingDeathTest4WaitEv
FN:1094,1095,_ZN7testing8internal15NoExecDeathTestC2EPKcNS_7MatcherIRKNSt7__cxx1112basic_stringIcSt11char_traitsIcESaIcEEEEE
FN:1101,1142,_ZN7testing8internal15NoExecDeathTest10AssumeRoleEv
FN:1149,1153,_ZN7testing8internal13ExecDeathTestC2EPKcNS_7MatcherIRKNSt7__cxx1112basic_stringIcSt11char_traitsIcESaIcEEEEES3_i
FN:1185,1210,_ZN7testing8internalL22ExecDeathTestChildMainEPv
FN:1233,1236,_ZN7testing8internalL21StackLowerThanAddressEPKvPb
FN:1256,1348,_ZN7testing8internalL23ExecDeathTestSpawnChildEPKPci
FN:1354,1398,_ZN7testing8internal13ExecDeathTest10AssumeRoleEv
FN:1407,1465,_ZN7testing8internal23DefaultDeathTestFactory6CreateEPKcNS_7MatcherIRKNSt7__cxx1112basic_stringIcSt11char_traitsIcESaIcEEEEES3_iPPNS0_9DeathTestE
FN:1533,1581,_ZN7testing8internal29ParseInternalRunDeathTestFlagEv
FN:155,169,_ZN7testing8internal16InDeathTestChildEv
FN:174,174,_ZN7testing14ExitedWithCodeC2Ei
FN:177,187,_ZNK7testing14ExitedWithCodeclEi
FN:191,191,_ZN7testing14KilledBySignalC2Ei
FN:194,204,_ZNK7testing14KilledBySignalclEi
FN:213,235,_ZN7testing8internalL11ExitSummaryEi
FN:239,241,_ZN7testing8internal20ExitedUnsuccessfullyEi
FN:248,263,_ZN7testing8internalL22DeathTestThreadWarningEm
FN:293,310,_ZN7testing8internalL14DeathTestAbortERKNSt7__cxx1112basic_stringIcSt11char_traitsIcESaIcEEE
FN:346,348,_ZN7testing8internal23GetLastErrnoDescriptionB5cxx11Ev
FN:354,373,_ZN7testing8internalL21FailFromInternalErrorEi
FN:377,384,_ZN7testing8internal9DeathTestC2Ev
FN:388,393,_ZN7testing8internal9DeathTest6CreateEPKcNS_7MatcherIRKNSt7__cxx1112basic_stringIcSt11char_traitsIcESaIcEEEEES3_iPPS1_
FN:395,397,_ZN7testing8internal9DeathTest11LastMessageEv
FN:399,401,_ZN7testing8internal9DeathTest27set_last_death_test_messageERKNSt7__cxx1112basic_stringIcSt11char_traitsIcESaIcEEE
FN:418,418,_ZN7testing8internal13DeathTestImplD0Ev
FN:418,418,_ZN7testing8internal13DeathTestImplD2Ev
FN:470,509,_ZN7testing8internal13DeathTestImpl26ReadAndInterpretStatusByteEv
FN:511,511,_ZN7testing8internal13DeathTestImpl12GetErrorLogsB5cxx11Ev
FN:517,535,_ZN7testing8internal13DeathTestImpl5AbortENS0_9DeathTest11AbortReasonE
FN:540,553,_ZN7testing8internalL21FormatDeathTestOutputERKNSt7__cxx1112basic_stringIcSt11char_traitsIcESaIcEEE
FN:576,628,_ZN7testing8internal13DeathTestImpl6PassedEb
FN:633,641,_ZN7testing8internalL18CreateArgvFromArgsERSt6vectorINSt7__cxx1112basic_stringIcSt11char_traitsIcESaIcEEESaIS7_EE
FNDA:0,_ZN7testing8internal16ForkingDeathTestC2EPKcNS_7MatcherIRKNSt7__cxx1112basic_stringIcSt11char_traitsIcESaIcEEEEE
FNDA:0,_ZN7testing8internal16ForkingDeathTest4WaitEv
FNDA:0,_ZN7testing8internal15NoExecDeathTestC2EPKcNS_7MatcherIRKNSt7__cxx1112basic_stringIcSt11char_traitsIcESaIcEEEEE
FNDA:0,_ZN7testing8internal15NoExecDeathTest10AssumeRoleEv
FNDA:0,_ZN7testing8internal13ExecDeathTestC2EPKcNS_7MatcherIRKNSt7__cxx1112basic_stringIcSt11char_traitsIcESaIcEEEEES3_i
FNDA:0,_ZN7testing8internalL22ExecDeathTestChildMainEPv
FNDA:0,_ZN7testing8internalL21StackLowerThanAddressEPKvPb
FNDA:0,_ZN7testing8internalL23ExecDeathTestSpawnChildEPKPci
FNDA:0,_ZN7testing8internal13ExecDeathTest10AssumeRoleEv
FNDA:0,_ZN7testing8internal23DefaultDeathTestFactory6CreateEPKcNS_7MatcherIRKNSt7__cxx1112basic_stringIcSt11char_traitsIcESaIcEEEEES3_iPPNS0_9DeathTestE
FNDA:1,_ZN7testing8internal29ParseInternalRunDeathTestFlagEv
FNDA:0,_ZN7testing8internal16InDeathTestChildEv
FNDA:0,_ZN7testing14ExitedWithCodeC2Ei
FNDA:0,_ZNK7testing14ExitedWithCodeclEi
FNDA:0,_ZN7testing14KilledBySignalC2Ei
FNDA:0,_ZNK7testing14KilledBySignalclEi
FNDA:0,_ZN7testing8internalL11ExitSummaryEi
FNDA:0,_ZN7testing8internal20ExitedUnsuccessfullyEi
FNDA:0,_ZN7testing8internalL22DeathTestThreadWarningEm
FNDA:0,_ZN7testing8internalL14DeathTestAbortERKNSt7__cxx1112basic_stringIcSt11char_traitsIcESaIcEEE
FNDA:0,_ZN7testing8internal23GetLastErrnoDescriptionB5cxx11Ev
FNDA:0,_ZN7testing8internalL21FailFromInternalErrorEi
FNDA:0,_ZN7testing8internal9DeathTestC2Ev
FNDA:0,_ZN7testing8internal9DeathTest6CreateEPKcNS_7MatcherIRKNSt7__cxx1112basic_stringIcSt11char_traitsIcESaIcEEEEES3_iPPS1_
FNDA:0,_ZN7testing8internal9DeathTest11LastMessageEv
FNDA:0,_ZN7testing8internal9DeathTest27set_last_death_test_messageERKNSt7__cxx1112basic_stringIcSt11char_traitsIcESaIcEEE
FNDA:0,_ZN7testing8internal13DeathTestImplD0Ev
FNDA:0,_ZN7testing8internal13DeathTestImplD2Ev
FNDA:0,_ZN7testing8internal13DeathTestImpl26ReadAndInterpretStatusByteEv
FNDA:0,_ZN7testing8internal13DeathTestImpl12GetErrorLogsB5cxx11Ev
FNDA:0,_ZN7testing8internal13DeathTestImpl5AbortENS0_9DeathTest11AbortReasonE
FNDA:0,_ZN7testing8internalL21FormatDeathTestOutputERKNSt7__cxx1112basic_stringIcSt11char_traitsIcESaIcEEE
FNDA:0,_ZN7testing8internal13DeathTestImpl6PassedEb
FNDA:0,_ZN7testing8internalL18CreateArgvFromArgsERSt6vectorINSt7__cxx1112basic_stringIcSt11char_traitsIcESaIcEEESaIS7_EE
FNF:34
FNH:1
DA:155,0
DA:164,0
DA:165,0
DA:167,0
DA:174,0
DA:177,0
DA:184,0
DA:191,0
DA:194,0
DA:203,0
DA:213,0
DA:214,0
DA:222,0
DA:223,0
DA:224,0
DA:225,0
DA:228,0
DA:229,0
DA:234,0
DA:235,0
DA:239,0
DA:240,0
DA:248,0
DA:249,0
DA:250,0
DA:251,0
DA:252,0
DA:253,0
DA:255,0
DA:257,0
DA:259,0
DA:260,0
DA:261,0
DA:262,0
DA:263,0
DA:293,0
DA:297,0
DA:298,0
DA:299,0
DA:300,0
DA:301,0
DA:302,0
DA:303,0
DA:304,0
DA:306,0
DA:307,0
DA:308,0
DA:346,0
DA:347,0
DA:354,0
DA:355,0
DA:360,0
DA:361,0
DA:362,0
DA:364,0
DA:366,0
DA:367,0
DA:369,0
DA:370,0
DA:371,0
DA:373,0
DA:377,0
DA:378,0
DA:379,0
DA:380,0
DA:384,0
DA:388,0
DA:391,0
DA:392,0
DA:395,0
DA:396,0
DA:399,0
DA:400,0
DA:401,0
DA:408,0
DA:409,0
DA:410,0
DA:411,0
DA:412,0
DA:413,0
DA:414,0
DA:415,0
DA:418,0
DA:423,0
DA:424,0
DA:425,0
DA:426,0
DA:427,0
DA:428,0
DA:429,0
DA:430,0
DA:431,0
DA:432,0
DA:433,0
DA:470,0
DA:471,0
DA:472,0
DA:478,0
DA:479,0
DA:480,0
DA:482,0
DA:483,0
DA:484,0
DA:485,0
DA:486,0
DA:487,0
DA:488,0
DA:489,0
DA:490,0
DA:491,0
DA:492,0
DA:493,0
DA:494,0
DA:495,0
DA:496,0
DA:498,0
DA:499,0
DA:500,0
DA:501,0
DA:504,0
DA:505,0
DA:507,0
DA:508,0
DA:509,0
DA:511,0
DA:517,0
DA:521,0
DA:525,0
DA:534,0
DA:540,0
DA:541,0
DA:542,0
DA:543,0
DA:544,0
DA:545,0
DA:546,0
DA:547,0
DA:549,0
DA:550,0
DA:551,0
DA:552,0
DA:553,0
DA:576,0
DA:577,0
DA:579,0
DA:581,0
DA:582,0
DA:584,0
DA:585,0
DA:586,0
DA:587,0
DA:588,0
DA:589,0
DA:590,0
DA:591,0
DA:592,0
DA:593,0
DA:594,0
DA:595,0
DA:596,0
DA:597,0
DA:598,0
DA:599,0
DA:600,0
DA:601,0
DA:602,0
DA:603,0
DA:606,0
DA:607,0
DA:608,0
DA:609,0
DA:610,0
DA:611,0
DA:612,0
DA:614,0
DA:615,0
DA:616,0
DA:617,0
DA:620,0
DA:621,0
DA:622,0
DA:623,0
DA:626,0
DA:627,0
DA:628,0
DA:633,0
DA:634,0
DA:635,0
DA:636,0
DA:637,0
DA:639,0
DA:640,0
DA:641,0
DA:1064,0
DA:1072,0
DA:1073,0
DA:1074,0
DA:1079,0
DA:1080,0
DA:1082,0
DA:1084,0
DA:1085,0
DA:1086,0
DA:1087,0
DA:1094,0
DA:1095,0
DA:1101,0
DA:1102,0
DA:1103,0
DA:1104,0
DA:1107,0
DA:1108,0
DA:1110,0
DA:1111,0
DA:1119,0
DA:1121,0
DA:1122,0
DA:1123,0
DA:1124,0
DA:1125,0
DA:1126,0
DA:1130,0
DA:1133,0
DA:1134,0
DA:1135,0
DA:1137,0
DA:1138,0
DA:1139,0
DA:1140,0
DA:1149,0
DA:1151,0
DA:1152,0
DA:1153,0
DA:1157,0
DA:1158,0
DA:1164,0
DA:1185,0
DA:1186,0
DA:1187,0
DA:1192,0
DA:1193,0
DA:1195,0
DA:1196,0
DA:1197,0
DA:1206,0
DA:1207,0
DA:1208,0
DA:1233,0
DA:1234,0
DA:1235,0
DA:1236,0
DA:1241,0
DA:1242,0
DA:1243,0
DA:1244,0
DA:1245,0
DA:1256,0
DA:1257,0
DA:1258,0
DA:1295,0
DA:1296,0
DA:1297,0
DA:1298,0
DA:1299,0
DA:1300,0
DA:1305,0
DA:1307,0
DA:1308,0
DA:1309,0
DA:1311,0
DA:1313,0
DA:1321,0
DA:1322,0
DA:1323,0
DA:1324,0
DA:1325,0
DA:1329,0
DA:1331,0
DA:1337,0
DA:1338,0
DA:1342,0
DA:1346,0
DA:1347,0
DA:1354,0
DA:1355,0
DA:1356,0
DA:1357,0
DA:1358,0
DA:1359,0
DA:1361,0
DA:1362,0
DA:1363,0
DA:1366,0
DA:1367,0
DA:1370,0
DA:1372,0
DA:1373,0
DA:1374,0
DA:1375,0
DA:1376,0
DA:1377,0
DA:1378,0
DA:1379,0
DA:1380,0
DA:1381,0
DA:1382,0
DA:1384,0
DA:1386,0
DA:1389,0
DA:1391,0
DA:1392,0
DA:1393,0
DA:1394,0
DA:1395,0
DA:1396,0
DA:1397,0
DA:1398,0
DA:1407,0
DA:1411,0
DA:1412,0
DA:1413,0
DA:1414,0
DA:1415,0
DA:1417,0
DA:1418,0
DA:1419,0
DA:1420,0
DA:1421,0
DA:1422,0
DA:1423,0
DA:1426,0
DA:1427,0
DA:1428,0
DA:1429,0
DA:1449,0
DA:1450,0
DA:1451,0
DA:1452,0
DA:1458,0
DA:1459,0
DA:1461,0
DA:1533,1
DA:1534,1
DA:1538,0
DA:1539,0
DA:1540,0
DA:1541,0
DA:1542,0
DA:1571,0
DA:1572,0
DA:1573,0
DA:1574,0
DA:1580,0
DA:1581,0
LF:354
LH:2
end_of_record
TN:
SF:/home/runner/work/TDDThreadSafeContainer/TDDThreadSafeContainer/tests/googletest/googletest/src/gtest-filepath.cc
FN:101,124,_ZN7testing8internal8FilePath13GetCurrentDirEv
FN:130,137,_ZNK7testing8internal8FilePath15RemoveExtensionEPKc
FN:142,153,_ZNK7testing8internal8FilePath21FindLastPathSeparatorEv
FN:155,191,_ZNK7testing8internal8FilePath19CalculateRootLengthEv
FN:199,202,_ZNK7testing8internal8FilePath19RemoveDirectoryNameEv
FN:210,219,_ZNK7testing8internal8FilePath14RemoveFileNameEv
FN:227,238,_ZN7testing8internal8FilePath12MakeFileNameERKS1_S3_iPKc
FN:242,247,_ZN7testing8internal8FilePath11ConcatPathsERKS1_S3_
FN:251,261,_ZNK7testing8internal8FilePath21FileOrDirectoryExistsEv
FN:265,291,_ZNK7testing8internal8FilePath15DirectoryExistsEv
FN:295,299,_ZNK7testing8internal8FilePath15IsRootDirectoryEv
FN:302,302,_ZNK7testing8internal8FilePath14IsAbsolutePathEv
FN:312,321,_ZN7testing8internal8FilePath22GenerateUniqueFileNameERKS1_S3_PKc
FN:326,329,_ZNK7testing8internal8FilePath11IsDirectoryEv
FN:334,345,_ZNK7testing8internal8FilePath28CreateDirectoriesRecursivelyEv
FN:351,372,_ZNK7testing8internal8FilePath12CreateFolderEv
FN:377,380,_ZNK7testing8internal8FilePath27RemoveTrailingPathSeparatorEv
FN:386,409,_ZN7testing8internal8FilePath9NormalizeEv
FNDA:1,_ZN7testing8internal8FilePath13GetCurrentDirEv
FNDA:0,_ZNK7testing8internal8FilePath15RemoveExtensionEPKc
FNDA:0,_ZNK7testing8internal8FilePath21FindLastPathSeparatorEv
FNDA:0,_ZNK7testing8internal8FilePath19CalculateRootLengthEv
FNDA:0,_ZNK7testing8internal8FilePath19RemoveDirectoryNameEv
FNDA:0,_ZNK7testing8internal8FilePath14RemoveFileNameEv
FNDA:0,_ZN7testing8internal8FilePath12MakeFileNameERKS1_S3_iPKc
FNDA:0,_ZN7testing8internal8FilePath11ConcatPathsERKS1_S3_
FNDA:0,_ZNK7testing8internal8FilePath21FileOrDirectoryExistsEv
FNDA:0,_ZNK7testing8internal8FilePath15DirectoryExistsEv
FNDA:0,_ZNK7testing8internal8FilePath15IsRootDirectoryEv
FNDA:0,_ZNK7testing8internal8FilePath14IsAbsolutePathEv
FNDA:0,_ZN7testing8internal8FilePath22GenerateUniqueFileNameERKS1_S3_PKc
FNDA:0,_ZNK7testing8internal8FilePath11IsDirectoryEv
FNDA:0,_ZNK7testing8internal8FilePath28CreateDirectoriesRecursivelyEv
FNDA:0,_ZNK7testing8internal8FilePath12CreateFolderEv
FNDA:0,_ZNK7testing8internal8FilePath27RemoveTrailingPathSeparatorEv
FNDA:1,_ZN7testing8internal8FilePath9NormalizeEv
FNF:18
FNH:2
DA:101,1
DA:114,1
DA:115,1
DA:122,2
DA:130,0
DA:131,0
DA:132,0
DA:133,0
DA:134,0
DA:136,0
DA:137,0
DA:142,0
DA:143,0
DA:152,0
DA:155,0
DA:156,0
DA:157,0
DA:158,0
DA:186,0
DA:187,0
DA:190,0
DA:199,0
DA:200,0
DA:201,0
DA:210,0
DA:211,0
DA:212,0
DA:213,0
DA:214,0
DA:216,0
DA:218,0
DA:219,0
DA:227,0
DA:230,0
DA:231,0
DA:232,0
DA:234,0
DA:235,0
DA:237,0
DA:238,0
DA:242,0
DA:244,0
DA:245,0
DA:246,0
DA:247,0
DA:251,0
DA:258,0
DA:259,0
DA:265,0
DA:266,0
DA:273,0
DA:285,0
DA:286,0
DA:287,0
DA:290,0
DA:295,0
DA:296,0
DA:297,0
DA:298,0
DA:302,0
DA:312,0
DA:315,0
DA:316,0
DA:317,0
DA:318,0
DA:319,0
DA:320,0
DA:321,0
DA:326,0
DA:327,0
DA:328,0
DA:334,0
DA:335,0
DA:339,0
DA:343,0
DA:344,0
DA:345,0
DA:351,0
DA:365,0
DA:368,0
DA:369,0
DA:377,0
DA:378,0
DA:379,0
DA:386,1
DA:387,1
DA:389,1
DA:398,70
DA:399,69
DA:400,69
DA:401,63
DA:402,11
DA:403,6
DA:405,69
DA:408,1
DA:409,1
LF:96
LH:16
end_of_record
TN:
SF:/home/runner/work/TDDThreadSafeContainer/TDDThreadSafeContainer/tests/googletest/googletest/src/gtest-internal-inl.h
FN:1023,1048,_ZN7testing8internal18ParseNaturalNumberIiEEbRKNSt7__cxx1112basic_stringIcSt11char_traitsIcESaIcEEEPT_
FN:1089,1089,_ZN7testing8internal17StreamingListener20AbstractSocketWriter15CloseConnectionEv
FN:1092,1092,_ZN7testing8internal17StreamingListener20AbstractSocketWriter6SendLnERKNSt7__cxx1112basic_stringIcSt11char_traitsIcESaIcEEE
FN:1098,1101,_ZN7testing8internal17StreamingListener12SocketWriterC2ERKNSt7__cxx1112basic_stringIcSt11char_traitsIcESaIcEEESA_
FN:1103,1105,_ZN7testing8internal17StreamingListener12SocketWriterD0Ev
FN:1103,1105,_ZN7testing8internal17StreamingListener12SocketWriterD2Ev
FN:1108,1117,_ZN7testing8internal17StreamingListener12SocketWriter4SendERKNSt7__cxx1112basic_stringIcSt11char_traitsIcESaIcEEE
FN:1124,1130,_ZN7testing8internal17StreamingListener12SocketWriter15CloseConnectionEv
FN:1143,1146,_ZN7testing8internal17StreamingListenerC2ERKNSt7__cxx1112basic_stringIcSt11char_traitsIcESaIcEEES9_
FN:1153,1155,_ZN7testing8internal17StreamingListener18OnTestProgramStartERKNS_8UnitTestE
FN:1157,1164,_ZN7testing8internal17StreamingListener16OnTestProgramEndERKNS_8UnitTestE
FN:1166,1170,_ZN7testing8internal17StreamingListener20OnTestIterationStartERKNS_8UnitTestEi
FN:1172,1177,_ZN7testing8internal17StreamingListener18OnTestIterationEndERKNS_8UnitTestEi
FN:1181,1183,_ZN7testing8internal17StreamingListener16OnTestSuiteStartERKNS_9TestSuiteE
FN:1187,1191,_ZN7testing8internal17StreamingListener14OnTestSuiteEndERKNS_9TestSuiteE
FN:1193,1195,_ZN7testing8internal17StreamingListener11OnTestStartERKNS_8TestInfoE
FN:1197,1201,_ZN7testing8internal17StreamingListener9OnTestEndERKNS_8TestInfoE
FN:1203,1209,_ZN7testing8internal17StreamingListener16OnTestPartResultERKNS_14TestPartResultE
FN:1217,1217,_ZN7testing8internal17StreamingListener5StartEv
FN:131,137,_ZN7testing8internal17GetNextRandomSeedEi
FN:144,167,_ZN7testing8internal14GTestFlagSaverC2Ev
FN:170,193,_ZN7testing8internal14GTestFlagSaverD2Ev
FN:305,325,_ZN7testing8internal12ShuffleRangeIiEEvPNS0_6RandomEiiPSt6vectorIT_SaIS5_EE
FN:336,338,_ZN7testing8internalL6DeleteINS_11EnvironmentEEEvPT_
FN:336,338,_ZN7testing8internalL6DeleteINS_17TestEventListenerEEEvPT_
FN:336,338,_ZN7testing8internalL6DeleteINS_8TestInfoEEEvPT_
FN:336,338,_ZN7testing8internalL6DeleteINS_9TestSuiteEEEvPT_
FN:585,587,_ZNK7testing8internal12UnitTestImpl6FailedEv
FN:675,696,_ZN7testing8internal12UnitTestImpl11AddTestInfoEPFvvES3_PNS_8TestInfoE
FN:773,775,_ZN7testing8internal12UnitTestImpl34InitDeathTestSubprocessControlInfoEv
FNDA:0,_ZN7testing8internal18ParseNaturalNumberIiEEbRKNSt7__cxx1112basic_stringIcSt11char_traitsIcESaIcEEEPT_
FNDA:0,_ZN7testing8internal17StreamingListener20AbstractSocketWriter15CloseConnectionEv
FNDA:0,_ZN7testing8internal17StreamingListener20AbstractSocketWriter6SendLnERKNSt7__cxx1112basic_stringIcSt11char_traitsIcESaIcEEE
FNDA:0,_ZN7testing8internal17StreamingListener12SocketWriterC2ERKNSt7__cxx1112basic_stringIcSt11char_traitsIcESaIcEEESA_
FNDA:0,_ZN7testing8internal17StreamingListener12SocketWriterD0Ev
FNDA:0,_ZN7testing8internal17StreamingListener12SocketWriterD2Ev
FNDA:0,_ZN7testing8internal17StreamingListener12SocketWriter4SendERKNSt7__cxx1112basic_stringIcSt11char_traitsIcESaIcEEE
FNDA:0,_ZN7testing8internal17StreamingListener12SocketWriter15CloseConnectionEv
FNDA:0,_ZN7testing8internal17StreamingListenerC2ERKNSt7__cxx1112basic_stringIcSt11char_traitsIcESaIcEEES9_
FNDA:0,_ZN7testing8internal17StreamingListener18OnTestProgramStartERKNS_8UnitTestE
FNDA:0,_ZN7testing8internal17StreamingListener16OnTestProgramEndERKNS_8UnitTestE
FNDA:0,_ZN7testing8internal17StreamingListener20OnTestIterationStartERKNS_8UnitTestEi
FNDA:0,_ZN7testing8internal17StreamingListener18OnTestIterationEndERKNS_8UnitTestEi
FNDA:0,_ZN7testing8internal17StreamingListener16OnTestSuiteStartERKNS_9TestSuiteE
FNDA:0,_ZN7testing8internal17StreamingListener14OnTestSuiteEndERKNS_9TestSuiteE
FNDA:0,_ZN7testing8internal17StreamingListener11OnTestStartERKNS_8TestInfoE
FNDA:0,_ZN7testing8internal17StreamingListener9OnTestEndERKNS_8TestInfoE
FNDA:0,_ZN7testing8internal17StreamingListener16OnTestPartResultERKNS_14TestPartResultE
FNDA:0,_ZN7testing8internal17StreamingListener5StartEv
FNDA:0,_ZN7testing8internal17GetNextRandomSeedEi
FNDA:9,_ZN7testing8internal14GTestFlagSaverC2Ev
FNDA:9,_ZN7testing8internal14GTestFlagSaverD2Ev
FNDA:0,_ZN7testing8internal12ShuffleRangeIiEEvPNS0_6RandomEiiPSt6vectorIT_SaIS5_EE
FNDA:0,_ZN7testing8internalL6DeleteINS_11EnvironmentEEEvPT_
FNDA:1,_ZN7testing8internalL6DeleteINS_17TestEventListenerEEEvPT_
FNDA:9,_ZN7testing8internalL6DeleteINS_8TestInfoEEEvPT_
FNDA:1,_ZN7testing8internalL6DeleteINS_9TestSuiteEEEvPT_
FNDA:2,_ZNK7testing8internal12UnitTestImpl6FailedEv
FNDA:9,_ZN7testing8internal12UnitTestImpl11AddTestInfoEPFvvES3_PNS_8TestInfoE
FNDA:1,_ZN7testing8internal12UnitTestImpl34InitDeathTestSubprocessControlInfoEv
FNF:30
FNH:8
DA:114,1
DA:115,1
DA:116,2
DA:117,1
DA:121,1
DA:122,1
DA:125,1
DA:131,0
DA:132,0
DA:133,0
DA:134,0
DA:135,0
DA:136,0
DA:144,9
DA:145,9
DA:146,9
DA:147,9
DA:148,9
DA:149,9
DA:150,9
DA:151,9
DA:152,9
DA:153,9
DA:154,9
DA:155,9
DA:156,9
DA:157,9
DA:158,9
DA:159,9
DA:160,9
DA:161,9
DA:163,9
DA:164,9
DA:165,9
DA:166,9
DA:167,9
DA:170,9
DA:171,9
DA:172,9
DA:173,9
DA:174,9
DA:175,9
DA:176,9
DA:177,9
DA:178,9
DA:179,9
DA:180,9
DA:181,9
DA:182,9
DA:183,9
DA:184,9
DA:185,9
DA:186,9
DA:187,9
DA:189,9
DA:190,9
DA:191,9
DA:192,9
DA:193,9
DA:276,0
DA:279,0
DA:280,164
DA:281,85
DA:288,7
DA:289,14
DA:295,9
DA:296,10
DA:297,10
DA:305,0
DA:307,0
DA:308,0
DA:309,0
DA:310,0
DA:311,0
DA:312,0
DA:313,0
DA:317,0
DA:318,0
DA:319,0
DA:321,0
DA:322,0
DA:323,0
DA:325,0
DA:329,0
DA:330,0
DA:336,11
DA:337,11
DA:338,11
DA:343,0
DA:348,0
DA:351,0
DA:352,0
DA:411,0
DA:440,0
DA:461,0
DA:469,1
DA:488,1
DA:574,0
DA:577,1
DA:581,2
DA:585,2
DA:586,6
DA:591,0
DA:592,0
DA:593,0
DA:598,0
DA:603,0
DA:604,2
DA:605,1
DA:609,12
DA:616,2
DA:675,9
DA:686,9
DA:687,1
DA:688,1
DA:689,0
DA:693,9
DA:695,9
DA:696,9
DA:700,0
DA:701,0
DA:704,0
DA:705,1
DA:711,0
DA:712,0
DA:730,1
DA:731,2
DA:756,9
DA:757,9
DA:758,0
DA:762,0
DA:765,0
DA:766,0
DA:773,1
DA:774,1
DA:775,1
DA:780,0
DA:781,0
DA:785,0
DA:786,0
DA:812,0
DA:815,0
DA:826,48
DA:843,1
DA:846,2
DA:847,2
DA:853,18
DA:854,18
DA:982,0
DA:983,114
DA:1023,0
DA:1027,0
DA:1030,0
DA:1037,0
DA:1038,0
DA:1042,0
DA:1043,0
DA:1044,0
DA:1045,0
DA:1081,0
DA:1083,0
DA:1089,0
DA:1092,0
DA:1098,0
DA:1099,0
DA:1100,0
DA:1101,0
DA:1103,0
DA:1104,0
DA:1105,0
DA:1108,0
DA:1109,0
DA:1110,0
DA:1112,0
DA:1113,0
DA:1114,0
DA:1115,0
DA:1117,0
DA:1124,0
DA:1125,0
DA:1126,0
DA:1128,0
DA:1129,0
DA:1130,0
DA:1143,0
DA:1144,0
DA:1145,0
DA:1146,0
DA:1153,0
DA:1154,0
DA:1155,0
DA:1157,0
DA:1160,0
DA:1163,0
DA:1164,0
DA:1166,0
DA:1168,0
DA:1169,0
DA:1170,0
DA:1172,0
DA:1174,0
DA:1175,0
DA:1177,0
DA:1181,0
DA:1182,0
DA:1183,0
DA:1187,0
DA:1188,0
DA:1189,0
DA:1191,0
DA:1193,0
DA:1194,0
DA:1195,0
DA:1197,0
DA:1198,0
DA:1199,0
DA:1200,0
DA:1201,0
DA:1203,0
DA:1204,0
DA:1205,0
DA:1206,0
DA:1207,0
DA:1208,0
DA:1209,0
DA:1213,0
DA:1217,0
DA:1219,0
LF:228
LH:95
end_of_record
TN:
SF:/home/runner/work/TDDThreadSafeContainer/TDDThreadSafeContainer/tests/googletest/googletest/src/gtest-matchers.cc
FN:46,46,_ZN7testing7MatcherIRKNSt7__cxx1112basic_stringIcSt11char_traitsIcESaIcEEEEC2ES8_
FN:50,52,_ZN7testing7MatcherIRKNSt7__cxx1112basic_stringIcSt11char_traitsIcESaIcEEEEC2EPKc
FN:56,56,_ZN7testing7MatcherINSt7__cxx1112basic_stringIcSt11char_traitsIcESaIcEEEEC2ERKS6_
FN:60,60,_ZN7testing7MatcherINSt7__cxx1112basic_stringIcSt11char_traitsIcESaIcEEEEC2EPKc
FN:65,67,_ZN7testing7MatcherIRKSt17basic_string_viewIcSt11char_traitsIcEEEC2ERKNSt7__cxx1112basic_stringIcS3_SaIcEEE
FN:71,73,_ZN7testing7MatcherIRKSt17basic_string_viewIcSt11char_traitsIcEEEC2EPKc
FN:77,79,_ZN7testing7MatcherIRKSt17basic_string_viewIcSt11char_traitsIcEEEC2ES4_
FN:83,83,_ZN7testing7MatcherISt17basic_string_viewIcSt11char_traitsIcEEEC2ERKNSt7__cxx1112basic_stringIcS3_SaIcEEE
FN:87,89,_ZN7testing7MatcherISt17basic_string_viewIcSt11char_traitsIcEEEC2EPKc
FN:93,95,_ZN7testing7MatcherISt17basic_string_viewIcSt11char_traitsIcEEEC2ES4_
FNDA:0,_ZN7testing7MatcherIRKNSt7__cxx1112basic_stringIcSt11char_traitsIcESaIcEEEEC2ES8_
FNDA:0,_ZN7testing7MatcherIRKNSt7__cxx1112basic_stringIcSt11char_traitsIcESaIcEEEEC2EPKc
FNDA:0,_ZN7testing7MatcherINSt7__cxx1112basic_stringIcSt11char_traitsIcESaIcEEEEC2ERKS6_
FNDA:0,_ZN7testing7MatcherINSt7__cxx1112basic_stringIcSt11char_traitsIcESaIcEEEEC2EPKc
FNDA:0,_ZN7testing7MatcherIRKSt17basic_string_viewIcSt11char_traitsIcEEEC2ERKNSt7__cxx1112basic_stringIcS3_SaIcEEE
FNDA:0,_ZN7testing7MatcherIRKSt17basic_string_viewIcSt11char_traitsIcEEEC2EPKc
FNDA:0,_ZN7testing7MatcherIRKSt17basic_string_viewIcSt11char_traitsIcEEEC2ES4_
FNDA:0,_ZN7testing7MatcherISt17basic_string_viewIcSt11char_traitsIcEEEC2ERKNSt7__cxx1112basic_stringIcS3_SaIcEEE
FNDA:0,_ZN7testing7MatcherISt17basic_string_viewIcSt11char_traitsIcEEEC2EPKc
FNDA:0,_ZN7testing7MatcherISt17basic_string_viewIcSt11char_traitsIcEEEC2ES4_
FNF:10
FNH:0
DA:46,0
DA:50,0
DA:51,0
DA:52,0
DA:56,0
DA:60,0
DA:65,0
DA:66,0
DA:67,0
DA:71,0
DA:72,0
DA:73,0
DA:77,0
DA:78,0
DA:79,0
DA:83,0
DA:87,0
DA:88,0
DA:89,0
DA:93,0
DA:94,0
DA:95,0
LF:22
LH:0
end_of_record
TN:
SF:/home/runner/work/TDDThreadSafeContainer/TDDThreadSafeContainer/tests/googletest/googletest/src/gtest-port.cc
FN:1003,1014,_ZN7testing8internal18FormatFileLocationB5cxx11EPKci
FN:1021,1029,_ZN7testing8internal37FormatCompilerIndependentFileLocationB5cxx11EPKci
FN:103,112,_ZN7testing8internal12_GLOBAL__N_117ReadProcFileFieldImEET_RKNSt7__cxx1112basic_stringIcSt11char_traitsIcESaIcEEEi
FN:1031,1040,_ZN7testing8internal8GTestLogC2ENS0_16GTestLogSeverityEPKci
FN:1043,1049,_ZN7testing8internal8GTestLogD2Ev
FN:1071,1153,_ZN7testing8internal14CapturedStreamC2Ei
FN:1157,1174,_ZN7testing8internal14CapturedStream17GetCapturedStringB5cxx11Ev
FN:116,120,_ZN7testing8internal14GetThreadCountEv
FN:1192,1199,_ZN7testing8internalL13CaptureStreamEiPKcPPNS0_14CapturedStreamE
FN:1202,1209,_ZN7testing8internalL17GetCapturedStreamEPPNS0_14CapturedStreamE
FN:1221,1223,_ZN7testing8internal13CaptureStdoutEv
FN:1226,1228,_ZN7testing8internal13CaptureStderrEv
FN:1231,1233,_ZN7testing8internal17GetCapturedStdoutB5cxx11Ev
FN:1236,1238,_ZN7testing8internal17GetCapturedStderrB5cxx11Ev
FN:1242,1245,_ZN7testing8internal11GetFileSizeEP8_IO_FILE
FN:1247,1268,_ZN7testing8internal14ReadEntireFileB5cxx11EP8_IO_FILE
FN:1274,1279,_ZN7testing8internal18GetInjectableArgvsB5cxx11Ev
FN:1281,1284,_ZN7testing8internal18SetInjectableArgvsEPKSt6vectorINSt7__cxx1112basic_stringIcSt11char_traitsIcESaIcEEESaIS7_EE
FN:1286,1289,_ZN7testing8internal18SetInjectableArgvsERKSt6vectorINSt7__cxx1112basic_stringIcSt11char_traitsIcESaIcEEESaIS7_EE
FN:1291,1294,_ZN7testing8internal20ClearInjectableArgvsEv
FN:1309,1319,_ZN7testing8internalL12FlagToEnvVarEPKc
FN:1324,1360,_ZN7testing8internal10ParseInt32ERKNS_7MessageEPKcPi
FN:1366,1375,_ZN7testing8internal16BoolFromGTestEnvEPKcb
FN:1380,1402,_ZN7testing8internal17Int32FromGTestEnvEPKci
FN:1412,1419,_ZN7testing8internal25OutputFlagAlsoCheckEnvVarB5cxx11Ev
FN:1423,1431,_ZN7testing8internal18StringFromGTestEnvEPKcS2_
FN:683,692,_ZN7testing8internal2RED2Ev
FN:695,700,_ZN7testing8internal2RE9FullMatchEPKcRKS1_
FN:704,709,_ZN7testing8internal2RE12PartialMatchEPKcRKS1_
FN:712,750,_ZN7testing8internal2RE4InitEPKc
FNDA:0,_ZN7testing8internal18FormatFileLocationB5cxx11EPKci
FNDA:0,_ZN7testing8internal37FormatCompilerIndependentFileLocationB5cxx11EPKci
FNDA:0,_ZN7testing8internal12_GLOBAL__N_117ReadProcFileFieldImEET_RKNSt7__cxx1112basic_stringIcSt11char_traitsIcESaIcEEEi
FNDA:0,_ZN7testing8internal8GTestLogC2ENS0_16GTestLogSeverityEPKci
FNDA:0,_ZN7testing8internal8GTestLogD2Ev
FNDA:0,_ZN7testing8internal14CapturedStreamC2Ei
FNDA:0,_ZN7testing8internal14CapturedStream17GetCapturedStringB5cxx11Ev
FNDA:0,_ZN7testing8internal14GetThreadCountEv
FNDA:0,_ZN7testing8internalL13CaptureStreamEiPKcPPNS0_14CapturedStreamE
FNDA:0,_ZN7testing8internalL17GetCapturedStreamEPPNS0_14CapturedStreamE
FNDA:0,_ZN7testing8internal13CaptureStdoutEv
FNDA:0,_ZN7testing8internal13CaptureStderrEv
FNDA:0,_ZN7testing8internal17GetCapturedStdoutB5cxx11Ev
FNDA:0,_ZN7testing8internal17GetCapturedStderrB5cxx11Ev
FNDA:0,_ZN7testing8internal11GetFileSizeEP8_IO_FILE
FNDA:0,_ZN7testing8internal14ReadEntireFileB5cxx11EP8_IO_FILE
FNDA:0,_ZN7testing8internal18GetInjectableArgvsB5cxx11Ev
FNDA:0,_ZN7testing8internal18SetInjectableArgvsEPKSt6vectorINSt7__cxx1112basic_stringIcSt11char_traitsIcESaIcEEESaIS7_EE
FNDA:0,_ZN7testing8internal18SetInjectableArgvsERKSt6vectorINSt7__cxx1112basic_stringIcSt11char_traitsIcESaIcEEESaIS7_EE
FNDA:0,_ZN7testing8internal20ClearInjectableArgvsEv
FNDA:22,_ZN7testing8internalL12FlagToEnvVarEPKc
FNDA:0,_ZN7testing8internal10ParseInt32ERKNS_7MessageEPKcPi
FNDA:13,_ZN7testing8internal16BoolFromGTestEnvEPKcb
FNDA:3,_ZN7testing8internal17Int32FromGTestEnvEPKci
FNDA:1,_ZN7testing8internal25OutputFlagAlsoCheckEnvVarB5cxx11Ev
FNDA:6,_ZN7testing8internal18StringFromGTestEnvEPKcS2_
FNDA:0,_ZN7testing8internal2RED2Ev
FNDA:0,_ZN7testing8internal2RE9FullMatchEPKcRKS1_
FNDA:0,_ZN7testing8internal2RE12PartialMatchEPKcRKS1_
FNDA:0,_ZN7testing8internal2RE4InitEPKc
FNF:30
FNH:5
DA:103,0
DA:104,0
DA:105,0
DA:106,0
DA:107,0
DA:109,0
DA:110,0
DA:111,0
DA:112,0
DA:116,0
DA:117,0
DA:118,0
DA:119,0
DA:120,0
DA:683,0
DA:684,0
DA:689,0
DA:690,0
DA:692,0
DA:695,0
DA:696,0
DA:698,0
DA:699,0
DA:704,0
DA:705,0
DA:707,0
DA:708,0
DA:712,0
DA:713,0
DA:723,0
DA:728,0
DA:729,0
DA:731,0
DA:732,0
DA:741,0
DA:742,0
DA:743,0
DA:745,0
DA:746,0
DA:747,0
DA:749,0
DA:750,0
DA:1003,0
DA:1004,0
DA:1006,0
DA:1007,0
DA:1012,0
DA:1014,0
DA:1021,0
DA:1023,0
DA:1025,0
DA:1026,0
DA:1028,0
DA:1029,0
DA:1031,0
DA:1032,0
DA:1033,0
DA:1037,0
DA:1038,0
DA:1039,0
DA:1040,0
DA:1043,0
DA:1044,0
DA:1045,0
DA:1046,0
DA:1047,0
DA:1049,0
DA:1071,0
DA:1089,0
DA:1132,0
DA:1134,0
DA:1142,0
DA:1143,0
DA:1144,0
DA:1146,0
DA:1148,0
DA:1150,0
DA:1151,0
DA:1152,0
DA:1153,0
DA:1155,0
DA:1157,0
DA:1158,0
DA:1160,0
DA:1161,0
DA:1162,0
DA:1163,0
DA:1166,0
DA:1167,0
DA:1168,0
DA:1169,0
DA:1171,0
DA:1172,0
DA:1173,0
DA:1174,0
DA:1192,0
DA:1194,0
DA:1195,0
DA:1196,0
DA:1198,0
DA:1199,0
DA:1202,0
DA:1203,0
DA:1205,0
DA:1206,0
DA:1208,0
DA:1221,0
DA:1222,0
DA:1223,0
DA:1226,0
DA:1227,0
DA:1228,0
DA:1231,0
DA:1232,0
DA:1236,0
DA:1237,0
DA:1242,0
DA:1243,0
DA:1244,0
DA:1247,0
DA:1248,0
DA:1249,0
DA:1251,0
DA:1252,0
DA:1254,0
DA:1258,0
DA:1259,0
DA:1260,0
DA:1261,0
DA:1262,0
DA:1264,0
DA:1265,0
DA:1267,0
DA:1274,0
DA:1275,0
DA:1276,0
DA:1278,0
DA:1281,0
DA:1282,0
DA:1283,0
DA:1284,0
DA:1286,0
DA:1287,0
DA:1288,0
DA:1289,0
DA:1291,0
DA:1292,0
DA:1293,0
DA:1294,0
DA:1309,22
DA:1310,22
DA:1311,44
DA:1313,22
DA:1314,464
DA:1315,442
DA:1318,44
DA:1319,22
DA:1324,0
DA:1326,0
DA:1327,0
DA:1330,0
DA:1332,0
DA:1333,0
DA:1334,0
DA:1335,0
DA:1336,0
DA:1337,0
DA:1338,0
DA:1339,0
DA:1342,0
DA:1343,0
DA:1346,0
DA:1349,0
DA:1350,0
DA:1351,0
DA:1352,0
DA:1353,0
DA:1354,0
DA:1355,0
DA:1356,0
DA:1358,0
DA:1359,0
DA:1366,13
DA:1370,13
DA:1371,13
DA:1372,13
DA:1373,0
DA:1375,13
DA:1380,3
DA:1384,3
DA:1385,3
DA:1386,3
DA:1391,0
DA:1392,0
DA:1394,0
DA:1395,0
DA:1396,0
DA:1400,0
DA:1402,3
DA:1412,1
DA:1413,1
DA:1414,1
DA:1415,1
DA:1416,0
DA:1418,1
DA:1419,0
DA:1423,6
DA:1427,6
DA:1428,6
DA:1429,12
DA:1431,6
LF:211
LH:28
end_of_record
TN:
SF:/home/runner/work/TDDThreadSafeContainer/TDDThreadSafeContainer/tests/googletest/googletest/src/gtest-printers.cc
FN:130,133,_ZN7testing8internal20PrintBytesInObjectToEPKhmPSo
FN:151,196,_ZN7testing8internalL20PrintAsCharLiteralToIDiEENS0_10CharFormatET_PSo
FN:151,196,_ZN7testing8internalL20PrintAsCharLiteralToIaEENS0_10CharFormatET_PSo
FN:151,196,_ZN7testing8internalL20PrintAsCharLiteralToIhEENS0_10CharFormatET_PSo
FN:151,196,_ZN7testing8internalL20PrintAsCharLiteralToIwEENS0_10CharFormatET_PSo
FN:200,211,_ZN7testing8internalL22PrintAsStringLiteralToEDiPSo
FN:213,213,_ZN7testing8internalL18GetCharWidthPrefixEc
FN:220,220,_ZN7testing8internalL18GetCharWidthPrefixEDu
FN:223,223,_ZN7testing8internalL18GetCharWidthPrefixEDs
FN:225,225,_ZN7testing8internalL18GetCharWidthPrefixEDi
FN:227,227,_ZN7testing8internalL18GetCharWidthPrefixEw
FN:231,233,_ZN7testing8internalL22PrintAsStringLiteralToEcPSo
FN:236,238,_ZN7testing8internalL22PrintAsStringLiteralToEDuPSo
FN:241,243,_ZN7testing8internalL22PrintAsStringLiteralToEDsPSo
FN:245,247,_ZN7testing8internalL22PrintAsStringLiteralToEwPSo
FN:253,274,_ZN7testing8internal18PrintCharAndCodeToIaEEvT_PSo
FN:253,274,_ZN7testing8internal18PrintCharAndCodeToIhEEvT_PSo
FN:253,274,_ZN7testing8internal18PrintCharAndCodeToIwEEvT_PSo
FN:276,276,_ZN7testing8internal7PrintToEhPSo
FN:277,277,_ZN7testing8internal7PrintToEaPSo
FN:281,281,_ZN7testing8internal7PrintToEwPSo
FN:284,287,_ZN7testing8internal7PrintToEDiPSo
FN:291,323,_ZN7testing8internal7PrintToEoPSo
FN:324,331,_ZN7testing8internal7PrintToEnPSo
FN:342,363,_ZN7testing8internalL20PrintCharsAsStringToIDiEENS0_10CharFormatEPKT_mPSo
FN:342,363,_ZN7testing8internalL20PrintCharsAsStringToIDsEENS0_10CharFormatEPKT_mPSo
FN:342,363,_ZN7testing8internalL20PrintCharsAsStringToIDuEENS0_10CharFormatEPKT_mPSo
FN:342,363,_ZN7testing8internalL20PrintCharsAsStringToIcEENS0_10CharFormatEPKT_mPSo
FN:342,363,_ZN7testing8internalL20PrintCharsAsStringToIwEENS0_10CharFormatEPKT_mPSo
FN:371,391,_ZN7testing8internalL23UniversalPrintCharArrayIDiEEvPKT_mPSo
FN:371,391,_ZN7testing8internalL23UniversalPrintCharArrayIDsEEvPKT_mPSo
FN:371,391,_ZN7testing8internalL23UniversalPrintCharArrayIDuEEvPKT_mPSo
FN:371,391,_ZN7testing8internalL23UniversalPrintCharArrayIcEEvPKT_mPSo
FN:371,391,_ZN7testing8internalL23UniversalPrintCharArrayIwEEvPKT_mPSo
FN:394,396,_ZN7testing8internal19UniversalPrintArrayEPKcmPSo
FN:401,403,_ZN7testing8internal19UniversalPrintArrayEPKDumPSo
FN:408,410,_ZN7testing8internal19UniversalPrintArrayEPKDsmPSo
FN:414,416,_ZN7testing8internal19UniversalPrintArrayEPKDimPSo
FN:420,422,_ZN7testing8internal19UniversalPrintArrayEPKwmPSo
FN:428,435,_ZN7testing8internal12_GLOBAL__N_114PrintCStringToIDiEEvPKT_PSo
FN:428,435,_ZN7testing8internal12_GLOBAL__N_114PrintCStringToIDsEEvPKT_PSo
FN:428,435,_ZN7testing8internal12_GLOBAL__N_114PrintCStringToIDuEEvPKT_PSo
FN:428,435,_ZN7testing8internal12_GLOBAL__N_114PrintCStringToIcEEvPKT_PSo
FN:428,435,_ZN7testing8internal12_GLOBAL__N_114PrintCStringToIwEEvPKT_PSo
FN:439,439,_ZN7testing8internal7PrintToEPKcPSo
FN:442,442,_ZN7testing8internal7PrintToEPKDuPSo
FN:445,445,_ZN7testing8internal7PrintToEPKDsPSo
FN:447,447,_ZN7testing8internal7PrintToEPKDiPSo
FN:457,457,_ZN7testing8internal7PrintToEPKwPSo
FN:462,479,_ZN7testing8internal12_GLOBAL__N_131ContainsUnprintableControlCodesEPKcm
FN:483,514,_ZN7testing8internal12_GLOBAL__N_111IsValidUTF8EPKcm
FN:516,521,_ZN7testing8internal12_GLOBAL__N_122ConditionalPrintAsTextEPKcmPSo
FN:525,531,_ZN7testing8internal13PrintStringToERKNSt7__cxx1112basic_stringIcSt11char_traitsIcESaIcEEEPSo
FN:534,536,_ZN7testing8internal15PrintU8StringToERKNSt7__cxx1112basic_stringIDuSt11char_traitsIDuESaIDuEEEPSo
FN:539,541,_ZN7testing8internal16PrintU16StringToERKNSt7__cxx1112basic_stringIDsSt11char_traitsIDsESaIDsEEEPSo
FN:543,545,_ZN7testing8internal16PrintU32StringToERKNSt7__cxx1112basic_stringIDiSt11char_traitsIDiESaIDiEEEPSo
FN:548,550,_ZN7testing8internal17PrintWideStringToERKNSt7__cxx1112basic_stringIwSt11char_traitsIwESaIwEEEPSo
FN:70,86,_ZN7testing12_GLOBAL__N_126PrintByteSegmentInObjectToEPKhmmPSo
FN:89,109,_ZN7testing12_GLOBAL__N_124PrintBytesInObjectToImplEPKhmPSo
FNDA:0,_ZN7testing8internal20PrintBytesInObjectToEPKhmPSo
FNDA:0,_ZN7testing8internalL20PrintAsCharLiteralToIDiEENS0_10CharFormatET_PSo
FNDA:0,_ZN7testing8internalL20PrintAsCharLiteralToIaEENS0_10CharFormatET_PSo
FNDA:0,_ZN7testing8internalL20PrintAsCharLiteralToIhEENS0_10CharFormatET_PSo
FNDA:0,_ZN7testing8internalL20PrintAsCharLiteralToIwEENS0_10CharFormatET_PSo
FNDA:0,_ZN7testing8internalL22PrintAsStringLiteralToEDiPSo
FNDA:0,_ZN7testing8internalL18GetCharWidthPrefixEc
FNDA:0,_ZN7testing8internalL18GetCharWidthPrefixEDu
FNDA:0,_ZN7testing8internalL18GetCharWidthPrefixEDs
FNDA:0,_ZN7testing8internalL18GetCharWidthPrefixEDi
FNDA:0,_ZN7testing8internalL18GetCharWidthPrefixEw
FNDA:0,_ZN7testing8internalL22PrintAsStringLiteralToEcPSo
FNDA:0,_ZN7testing8internalL22PrintAsStringLiteralToEDuPSo
FNDA:0,_ZN7testing8internalL22PrintAsStringLiteralToEDsPSo
FNDA:0,_ZN7testing8internalL22PrintAsStringLiteralToEwPSo
FNDA:0,_ZN7testing8internal18PrintCharAndCodeToIaEEvT_PSo
FNDA:0,_ZN7testing8internal18PrintCharAndCodeToIhEEvT_PSo
FNDA:0,_ZN7testing8internal18PrintCharAndCodeToIwEEvT_PSo
FNDA:0,_ZN7testing8internal7PrintToEhPSo
FNDA:0,_ZN7testing8internal7PrintToEaPSo
FNDA:0,_ZN7testing8internal7PrintToEwPSo
FNDA:0,_ZN7testing8internal7PrintToEDiPSo
FNDA:0,_ZN7testing8internal7PrintToEoPSo
FNDA:0,_ZN7testing8internal7PrintToEnPSo
FNDA:0,_ZN7testing8internalL20PrintCharsAsStringToIDiEENS0_10CharFormatEPKT_mPSo
FNDA:0,_ZN7testing8internalL20PrintCharsAsStringToIDsEENS0_10CharFormatEPKT_mPSo
FNDA:0,_ZN7testing8internalL20PrintCharsAsStringToIDuEENS0_10CharFormatEPKT_mPSo
FNDA:0,_ZN7testing8internalL20PrintCharsAsStringToIcEENS0_10CharFormatEPKT_mPSo
FNDA:0,_ZN7testing8internalL20PrintCharsAsStringToIwEENS0_10CharFormatEPKT_mPSo
FNDA:0,_ZN7testing8internalL23UniversalPrintCharArrayIDiEEvPKT_mPSo
FNDA:0,_ZN7testing8internalL23UniversalPrintCharArrayIDsEEvPKT_mPSo
FNDA:0,_ZN7testing8internalL23UniversalPrintCharArrayIDuEEvPKT_mPSo
FNDA:0,_ZN7testing8internalL23UniversalPrintCharArrayIcEEvPKT_mPSo
FNDA:0,_ZN7testing8internalL23UniversalPrintCharArrayIwEEvPKT_mPSo
FNDA:0,_ZN7testing8internal19UniversalPrintArrayEPKcmPSo
FNDA:0,_ZN7testing8internal19UniversalPrintArrayEPKDumPSo
FNDA:0,_ZN7testing8internal19UniversalPrintArrayEPKDsmPSo
FNDA:0,_ZN7testing8internal19UniversalPrintArrayEPKDimPSo
FNDA:0,_ZN7testing8internal19UniversalPrintArrayEPKwmPSo
FNDA:0,_ZN7testing8internal12_GLOBAL__N_114PrintCStringToIDiEEvPKT_PSo
FNDA:0,_ZN7testing8internal12_GLOBAL__N_114PrintCStringToIDsEEvPKT_PSo
FNDA:0,_ZN7testing8internal12_GLOBAL__N_114PrintCStringToIDuEEvPKT_PSo
FNDA:0,_ZN7testing8internal12_GLOBAL__N_114PrintCStringToIcEEvPKT_PSo
FNDA:0,_ZN7testing8internal12_GLOBAL__N_114PrintCStringToIwEEvPKT_PSo
FNDA:0,_ZN7testing8internal7PrintToEPKcPSo
FNDA:0,_ZN7testing8internal7PrintToEPKDuPSo
FNDA:0,_ZN7testing8internal7PrintToEPKDsPSo
FNDA:0,_ZN7testing8internal7PrintToEPKDiPSo
FNDA:0,_ZN7testing8internal7PrintToEPKwPSo
FNDA:0,_ZN7testing8internal12_GLOBAL__N_131ContainsUnprintableControlCodesEPKcm
FNDA:0,_ZN7testing8internal12_GLOBAL__N_111IsValidUTF8EPKcm
FNDA:0,_ZN7testing8internal12_GLOBAL__N_122ConditionalPrintAsTextEPKcmPSo
FNDA:0,_ZN7testing8internal13PrintStringToERKNSt7__cxx1112basic_stringIcSt11char_traitsIcESaIcEEEPSo
[...]
DA:766,2
DA:768,2
DA:771,2
DA:772,2
DA:873,6
DA:874,38
DA:883,0
DA:884,129
DA:893,16
DA:894,42
DA:903,0
DA:904,214
DA:913,8
DA:914,10
DA:933,1
DA:934,1
DA:954,0
DA:955,6
DA:964,6
DA:965,6
DA:992,5
DA:993,205
DA:999,14
DA:1078,0
DA:1079,0
DA:1080,4
DA:1088,11
DA:1089,11
DA:1126,0
DA:1129,51
DA:1145,0
DA:1148,26
DA:1155,0
DA:1157,0
DA:1158,0
DA:1162,0
DA:1197,0
DA:1199,0
DA:1200,0
DA:1209,2
DA:1212,2
DA:1233,10
DA:1236,10
DA:1260,0
DA:1261,0
DA:1281,11
DA:1283,11
DA:1286,4
DA:1288,4
DA:1292,7
DA:1293,11
DA:1298,0
DA:1299,19
DA:1322,0
DA:1325,0
DA:1326,0
DA:1393,6
DA:1394,6
DA:1534,0
DA:1535,0
DA:1586,6
DA:1589,6
DA:1592,6
DA:1593,6
DA:1594,6
DA:1605,0
DA:1606,13
DA:1687,0
DA:1690,0
DA:1692,0
DA:1693,0
DA:1694,0
DA:1695,0
DA:1697,0
DA:1698,0
DA:1704,0
DA:1706,0
DA:1707,0
DA:1708,0
DA:1715,0
DA:1717,0
DA:1718,0
DA:1719,0
DA:1833,0
DA:1835,0
DA:1840,0
DA:1841,0
DA:1848,0
DA:1852,0
DA:1853,0
DA:1896,27
DA:1898,27
DA:1899,0
DA:1901,27
DA:1902,54
DA:1907,0
DA:1909,0
DA:1910,0
DA:1933,0
DA:1935,12
DA:1937,0
DA:1938,0
DA:1939,0
DA:1959,2
DA:1961,2
DA:1962,2
DA:1963,2
DA:1964,2
DA:1965,2
LF:176
LH:99
end_of_record
TN:
SF:/usr/include/c++/13/bits/uniform_int_dist.h
FN:257,281,_ZNSt24uniform_int_distributionIiE5_S_ndImSt23mersenne_twister_engineImLm32ELm624ELm397ELm31ELm2567483615ELm11ELm4294967295ELm7ELm2636928640ELm15ELm4022730752ELm18ELm1812433253EEjEET1_RT0_S4_
FN:287,373,_ZNSt24uniform_int_distributionIiEclISt23mersenne_twister_engineImLm32ELm624ELm397ELm31ELm2567483615ELm11ELm4294967295ELm7ELm2636928640ELm15ELm4022730752ELm18ELm1812433253EEEEiRT_RKNS0_10param_typeE
FNDA:10000,_ZNSt24uniform_int_distributionIiE5_S_ndImSt23mersenne_twister_engineImLm32ELm624ELm397ELm31ELm2567483615ELm11ELm4294967295ELm7ELm2636928640ELm15ELm4022730752ELm18ELm1812433253EEjEET1_RT0_S4_
FNDA:10000,_ZNSt24uniform_int_distributionIiEclISt23mersenne_twister_engineImLm32ELm624ELm397ELm31ELm2567483615ELm11ELm4294967295ELm7ELm2636928640ELm15ELm4022730752ELm18ELm1812433253EEEEiRT_RKNS0_10param_typeE
FNF:2
FNH:2
DA:104,0
DA:106,0
DA:108,0
DA:112,20000
DA:113,20000
DA:116,10000
DA:117,10000
DA:142,10
DA:145,10
DA:203,10000
DA:204,10000
DA:257,10000
DA:269,10000
DA:270,10000
DA:271,10000
DA:273,0
DA:274,0
DA:276,0
DA:277,0
DA:280,10000
DA:287,10000
DA:295,10000
DA:296,10000
DA:299,10000
DA:301,10000
DA:302,10000
DA:305,10000
DA:309,10000
DA:327,10000
DA:328,10000
DA:342,0
DA:362,0
DA:363,0
DA:364,0
DA:365,0
DA:367,0
DA:370,0
DA:372,10000
LF:38
LH:24
end_of_record
TN:
SF:/usr/include/c++/13/bits/unique_lock.h
FN:133,144,_ZNSt11unique_lockISt12shared_mutexE4lockEv
FN:133,144,_ZNSt11unique_lockISt5mutexE4lockEv
FN:194,203,_ZNSt11unique_lockISt12shared_mutexE6unlockEv
FN:194,203,_ZNSt11unique_lockISt5mutexE6unlockEv
FNDA:10337,_ZNSt11unique_lockISt12shared_mutexE4lockEv
FNDA:33067,_ZNSt11unique_lockISt5mutexE4lockEv
FNDA:10337,_ZNSt11unique_lockISt12shared_mutexE6unlockEv
FNDA:33067,_ZNSt11unique_lockISt5mutexE6unlockEv
FNF:4
FNH:4
DA:68,0
DA:69,0
DA:71,43404
DA:72,0
DA:103,0
DA:105,11339
DA:106,0
DA:107,0
DA:133,43404
DA:135,43404
DA:136,0
DA:137,43404
DA:138,0
DA:141,43404
DA:142,43404
DA:144,43404
DA:194,43404
DA:196,43404
DA:197,0
DA:198,43404
DA:200,43404
DA:201,43404
DA:203,43404
LF:23
LH:14
end_of_record
TN:
SF:/usr/include/c++/13/bits/unique_ptr.h
FN:206,212,_ZNSt15__uniq_ptr_implIN7testing8internal24InternalRunDeathTestFlagESt14default_deleteIS2_EE5resetEPS2_
FN:206,212,_ZNSt15__uniq_ptr_implINSt7__cxx1112basic_stringIcSt11char_traitsIcESaIcEEESt14default_deleteIS5_EE5resetEPS5_
FN:398,406,_ZNSt10unique_ptrIKNSt7__cxx1112basic_stringIcSt11char_traitsIcESaIcEEESt14default_deleteIS6_EED2Ev
FN:398,406,_ZNSt10unique_ptrIN7testing8internal14GTestFlagSaverESt14default_deleteIS2_EED2Ev
FN:398,406,_ZNSt10unique_ptrIN7testing8internal24InternalRunDeathTestFlagESt14default_deleteIS2_EED2Ev
FN:398,406,_ZNSt10unique_ptrINSt7__cxx1112basic_stringIcSt11char_traitsIcESaIcEEESt14default_deleteIS5_EED2Ev
FNDA:1,_ZNSt15__uniq_ptr_implIN7testing8internal24InternalRunDeathTestFlagESt14default_deleteIS2_EE5resetEPS2_
FNDA:0,_ZNSt15__uniq_ptr_implINSt7__cxx1112basic_stringIcSt11char_traitsIcESaIcEEESt14default_deleteIS5_EE5resetEPS5_
FNDA:19,_ZNSt10unique_ptrIKNSt7__cxx1112basic_stringIcSt11char_traitsIcESaIcEEESt14default_deleteIS6_EED2Ev
FNDA:9,_ZNSt10unique_ptrIN7testing8internal14GTestFlagSaverESt14default_deleteIS2_EED2Ev
FNDA:1,_ZNSt10unique_ptrIN7testing8internal24InternalRunDeathTestFlagESt14default_deleteIS2_EED2Ev
FNDA:22017,_ZNSt10unique_ptrINSt7__cxx1112basic_stringIcSt11char_traitsIcESaIcEEESt14default_deleteIS5_EED2Ev
FNF:6
FNH:5
DA:93,0
DA:99,0
DA:100,0
DA:174,11010
DA:176,10
DA:189,0
DA:191,0
DA:197,95
DA:199,0
DA:201,0
DA:206,1
DA:208,1
DA:209,1
DA:210,1
DA:211,0
DA:212,1
DA:215,0
DA:217,0
DA:218,0
DA:224,0
DA:227,0
DA:241,11020
DA:243,0
DA:304,11010
DA:305,22018
DA:317,10
DA:318,95
DA:398,29
DA:402,22122
DA:403,22122
DA:404,9
DA:406,22057
DA:414,0
DA:451,0
DA:453,0
DA:454,568
DA:460,0
DA:463,0
DA:469,0
DA:470,613
DA:475,0
DA:476,0
DA:486,0
DA:487,0
DA:505,1
DA:509,1
DA:515,0
DA:518,0
DA:813,0
DA:815,0
DA:837,12
DA:838,12
DA:1069,0
DA:1070,0
LF:54
LH:24
end_of_record
TN:
SF:/usr/include/c++/13/bits/unordered_map.h
FNF:0
FNH:0
DA:109,4
DA:148,10
DA:317,1121
DA:318,1121
DA:354,1
DA:355,55016
DA:395,1
DA:396,1
DA:752,0
DA:753,0
DA:769,0
DA:770,0
DA:875,1
DA:876,1
DA:986,0
DA:987,31203
LF:16
LH:11
end_of_record
TN:
SF:/usr/include/c++/13/bits/unordered_set.h
FNF:0
FNH:0
DA:104,0
DA:142,6
DA:277,0
DA:327,4
DA:328,4
DA:345,39
DA:346,39
DA:461,0
DA:462,0
DA:669,39
DA:670,39
LF:11
LH:7
end_of_record
TN:
SF:/usr/include/c++/13/bits/vector.tcc
FN:111,127,_ZNSt6vectorINSt7__cxx1112basic_stringIcSt11char_traitsIcESaIcEEESaIS5_EE12emplace_backIJS5_EEERS5_DpOT_
FN:111,127,_ZNSt6vectorIPcSaIS0_EE12emplace_backIJS0_EEERS0_DpOT_
FN:111,127,_ZNSt6vectorISt6threadSaIS0_EE12emplace_backIJRZN36storage_test_test_thread_access_Test8TestBodyEvEUliiE_RiRKiEEERS0_DpOT_
FN:111,127,_ZNSt6vectorIiSaIiEE12emplace_backIJiEEERiDpOT_
FN:111,127,_ZNSt6vectorImSaImEE12emplace_backIJmEEERmDpOT_
FN:133,176,_ZNSt6vectorIPN7testing9TestSuiteESaIS2_EE6insertEN9__gnu_cxx17__normal_iteratorIPKS2_S4_EERS7_
FN:181,190,_ZNSt6vectorIPN7testing17TestEventListenerESaIS2_EE8_M_eraseEN9__gnu_cxx17__normal_iteratorIPS2_S4_EE
FN:356,375,_ZNSt6vectorINSt7__cxx1112basic_stringIcSt11char_traitsIcESaIcEEESaIS5_EE14_M_insert_rvalEN9__gnu_cxx17__normal_iteratorIPKS5_S7_EEOS5_
FN:413,438,_ZNSt6vectorINSt7__cxx1112basic_stringIcSt11char_traitsIcESaIcEEESaIS5_EE13_M_insert_auxIS5_EEvN9__gnu_cxx17__normal_iteratorIPS5_S7_EEOT_
FN:445,524,_ZNSt6vectorIN7testing12TestPropertyESaIS1_EE17_M_realloc_insertIJRKS1_EEEvN9__gnu_cxx17__normal_iteratorIPS1_S3_EEDpOT_
FN:445,524,_ZNSt6vectorIN7testing14TestPartResultESaIS1_EE17_M_realloc_insertIJRKS1_EEEvN9__gnu_cxx17__normal_iteratorIPS1_S3_EEDpOT_
FN:445,524,_ZNSt6vectorIN7testing8internal13edit_distance8EditTypeESaIS3_EE17_M_realloc_insertIJRKS3_EEEvN9__gnu_cxx17__normal_iteratorIPS3_S5_EEDpOT_
FN:445,524,_ZNSt6vectorIN7testing8internal9TraceInfoESaIS2_EE17_M_realloc_insertIJRKS2_EEEvN9__gnu_cxx17__normal_iteratorIPS2_S4_EEDpOT_
FN:445,524,_ZNSt6vectorINSt7__cxx1112basic_stringIcSt11char_traitsIcESaIcEEESaIS5_EE17_M_realloc_insertIJRKS5_EEEvN9__gnu_cxx17__normal_iteratorIPS5_S7_EEDpOT_
FN:445,524,_ZNSt6vectorINSt7__cxx1112basic_stringIcSt11char_traitsIcESaIcEEESaIS5_EE17_M_realloc_insertIJS5_EEEvN9__gnu_cxx17__normal_iteratorIPS5_S7_EEDpOT_
FN:445,524,_ZNSt6vectorIPN7testing11EnvironmentESaIS2_EE17_M_realloc_insertIJRKS2_EEEvN9__gnu_cxx17__normal_iteratorIPS2_S4_EEDpOT_
FN:445,524,_ZNSt6vectorIPN7testing17TestEventListenerESaIS2_EE17_M_realloc_insertIJRKS2_EEEvN9__gnu_cxx17__normal_iteratorIPS2_S4_EEDpOT_
FN:445,524,_ZNSt6vectorIPN7testing8TestInfoESaIS2_EE17_M_realloc_insertIJRKS2_EEEvN9__gnu_cxx17__normal_iteratorIPS2_S4_EEDpOT_
FN:445,524,_ZNSt6vectorIPN7testing9TestSuiteESaIS2_EE17_M_realloc_insertIJRKS2_EEEvN9__gnu_cxx17__normal_iteratorIPS2_S4_EEDpOT_
FN:445,524,_ZNSt6vectorIPcSaIS0_EE17_M_realloc_insertIJS0_EEEvN9__gnu_cxx17__normal_iteratorIPS0_S2_EEDpOT_
FN:445,524,_ZNSt6vectorISt6threadSaIS0_EE17_M_realloc_insertIJRZN36storage_test_test_thread_access_Test8TestBodyEvEUliiE_RiRKiEEEvN9__gnu_cxx17__normal_iteratorIPS0_S2_EEDpOT_
FN:445,524,_ZNSt6vectorIiSaIiEE17_M_realloc_insertIJiEEEvN9__gnu_cxx17__normal_iteratorIPiS1_EEDpOT_
FN:445,524,_ZNSt6vectorImSaImEE17_M_realloc_insertIJmEEEvN9__gnu_cxx17__normal_iteratorIPmS1_EEDpOT_
FN:67,100,_ZNSt6vectorINSt7__cxx1112basic_stringIcSt11char_traitsIcESaIcEEESaIS5_EE7reserveEm
FN:67,100,_ZNSt6vectorIPcSaIS0_EE7reserveEm
FNDA:9,_ZNSt6vectorINSt7__cxx1112basic_stringIcSt11char_traitsIcESaIcEEESaIS5_EE12emplace_backIJS5_EEERS5_DpOT_
FNDA:0,_ZNSt6vectorIPcSaIS0_EE12emplace_backIJS0_EEERS0_DpOT_
FNDA:10,_ZNSt6vectorISt6threadSaIS0_EE12emplace_backIJRZN36storage_test_test_thread_access_Test8TestBodyEvEUliiE_RiRKiEEERS0_DpOT_
FNDA:10,_ZNSt6vectorIiSaIiEE12emplace_backIJiEEERiDpOT_
FNDA:0,_ZNSt6vectorImSaImEE12emplace_backIJmEEERmDpOT_
FNDA:0,_ZNSt6vectorIPN7testing9TestSuiteESaIS2_EE6insertEN9__gnu_cxx17__normal_iteratorIPKS2_S4_EERS7_
FNDA:0,_ZNSt6vectorIPN7testing17TestEventListenerESaIS2_EE8_M_eraseEN9__gnu_cxx17__normal_iteratorIPS2_S4_EE
FNDA:6,_ZNSt6vectorINSt7__cxx1112basic_stringIcSt11char_traitsIcESaIcEEESaIS5_EE14_M_insert_rvalEN9__gnu_cxx17__normal_iteratorIPKS5_S7_EEOS5_
FNDA:0,_ZNSt6vectorINSt7__cxx1112basic_stringIcSt11char_traitsIcESaIcEEESaIS5_EE13_M_insert_auxIS5_EEvN9__gnu_cxx17__normal_iteratorIPS5_S7_EEOT_
FNDA:0,_ZNSt6vectorIN7testing12TestPropertyESaIS1_EE17_M_realloc_insertIJRKS1_EEEvN9__gnu_cxx17__normal_iteratorIPS1_S3_EEDpOT_
FNDA:0,_ZNSt6vectorIN7testing14TestPartResultESaIS1_EE17_M_realloc_insertIJRKS1_EEEvN9__gnu_cxx17__normal_iteratorIPS1_S3_EEDpOT_
FNDA:0,_ZNSt6vectorIN7testing8internal13edit_distance8EditTypeESaIS3_EE17_M_realloc_insertIJRKS3_EEEvN9__gnu_cxx17__normal_iteratorIPS3_S5_EEDpOT_
FNDA:0,_ZNSt6vectorIN7testing8internal9TraceInfoESaIS2_EE17_M_realloc_insertIJRKS2_EEEvN9__gnu_cxx17__normal_iteratorIPS2_S4_EEDpOT_
FNDA:0,_ZNSt6vectorINSt7__cxx1112basic_stringIcSt11char_traitsIcESaIcEEESaIS5_EE17_M_realloc_insertIJRKS5_EEEvN9__gnu_cxx17__normal_iteratorIPS5_S7_EEDpOT_
FNDA:9,_ZNSt6vectorINSt7__cxx1112basic_stringIcSt11char_traitsIcESaIcEEESaIS5_EE17_M_realloc_insertIJS5_EEEvN9__gnu_cxx17__normal_iteratorIPS5_S7_EEDpOT_
FNDA:0,_ZNSt6vectorIPN7testing11EnvironmentESaIS2_EE17_M_realloc_insertIJRKS2_EEEvN9__gnu_cxx17__normal_iteratorIPS2_S4_EEDpOT_
FNDA:1,_ZNSt6vectorIPN7testing17TestEventListenerESaIS2_EE17_M_realloc_insertIJRKS2_EEEvN9__gnu_cxx17__normal_iteratorIPS2_S4_EEDpOT_
FNDA:5,_ZNSt6vectorIPN7testing8TestInfoESaIS2_EE17_M_realloc_insertIJRKS2_EEEvN9__gnu_cxx17__normal_iteratorIPS2_S4_EEDpOT_
FNDA:1,_ZNSt6vectorIPN7testing9TestSuiteESaIS2_EE17_M_realloc_insertIJRKS2_EEEvN9__gnu_cxx17__normal_iteratorIPS2_S4_EEDpOT_
FNDA:0,_ZNSt6vectorIPcSaIS0_EE17_M_realloc_insertIJS0_EEEvN9__gnu_cxx17__normal_iteratorIPS0_S2_EEDpOT_
FNDA:5,_ZNSt6vectorISt6threadSaIS0_EE17_M_realloc_insertIJRZN36storage_test_test_thread_access_Test8TestBodyEvEUliiE_RiRKiEEEvN9__gnu_cxx17__normal_iteratorIPS0_S2_EEDpOT_
FNDA:6,_ZNSt6vectorIiSaIiEE17_M_realloc_insertIJiEEEvN9__gnu_cxx17__normal_iteratorIPiS1_EEDpOT_
FNDA:0,_ZNSt6vectorImSaImEE17_M_realloc_insertIJmEEEvN9__gnu_cxx17__normal_iteratorIPmS1_EEDpOT_
FNDA:4,_ZNSt6vectorINSt7__cxx1112basic_stringIcSt11char_traitsIcESaIcEEESaIS5_EE7reserveEm
FNDA:0,_ZNSt6vectorIPcSaIS0_EE7reserveEm
FNF:25
FNH:11
DA:67,4
DA:70,4
DA:71,0
DA:72,4
DA:74,4
DA:79,4
DA:80,4
DA:81,4
DA:93,8
DA:94,4
DA:95,4
DA:96,4
DA:97,4
DA:98,4
DA:100,4
DA:111,29
DA:114,29
DA:117,9
DA:119,9
DA:123,20
DA:125,29
DA:133,0
DA:140,0
DA:141,0
DA:143,0
DA:144,0
DA:145,0
DA:147,0
DA:150,0
DA:152,0
DA:158,0
DA:161,0
DA:162,0
DA:166,0
DA:170,0
DA:175,0
DA:181,0
DA:184,0
DA:185,0
DA:186,0
DA:187,0
DA:189,0
DA:356,6
DA:359,6
DA:360,6
DA:361,6
DA:364,6
DA:366,6
DA:370,0
DA:372,0
DA:374,6
DA:413,0
DA:423,0
DA:424,0
DA:425,0
DA:430,0
DA:436,0
DA:438,0
DA:445,27
DA:455,27
DA:456,27
DA:457,27
DA:458,27
DA:459,27
DA:460,27
DA:468,32
DA:469,27
DA:475,27
DA:480,27
DA:481,27
DA:483,27
DA:485,32
DA:486,27
DA:504,0
DA:506,0
DA:507,0
DA:510,0
DA:511,0
DA:512,0
DA:519,54
DA:520,27
DA:521,27
DA:522,27
DA:523,27
DA:524,27
LF:85
LH:48
end_of_record
TN:
SF:/usr/include/c++/13/cmath
FNF:0
FNH:0
DA:1152,0
DA:1153,0
DA:1225,0
DA:1226,0
LF:4
LH:0
end_of_record
TN:
SF:/usr/include/c++/13/compare
FNF:0
FNH:0
DA:292,0
DA:293,0
LF:2
LH:0
end_of_record
TN:
SF:/usr/include/c++/13/ext/aligned_buffer.h
FN:116,117,_ZN9__gnu_cxx16__aligned_bufferISt4pairIKNSt7__cxx1112basic_stringIcSt11char_traitsIcESaIcEEEPN7testing9TestSuiteEEE6_M_ptrEv
FN:116,117,_ZN9__gnu_cxx16__aligned_bufferISt4pairIKNSt7__cxx1112basic_stringIcSt11char_traitsIcESaIcEEES7_EE6_M_ptrEv
FN:116,117,_ZN9__gnu_cxx16__aligned_bufferISt4pairIKNSt7__cxx1112basic_stringIcSt11char_traitsIcESaIcEEESt14_List_iteratorIS7_EEE6_M_ptrEv
FN:116,117,_ZN9__gnu_cxx16__aligned_bufferISt4pairIKiNSt7__cxx1112basic_stringIcSt11char_traitsIcESaIcEEEEE6_M_ptrEv
FN:116,117,_ZN9__gnu_cxx16__aligned_bufferISt4pairIKiSt14_List_iteratorIiEEE6_M_ptrEv
FN:116,117,_ZN9__gnu_cxx16__aligned_bufferISt4pairIKiiEE6_M_ptrEv
FN:120,121,_ZNK9__gnu_cxx16__aligned_bufferINSt7__cxx1112basic_stringIcSt11char_traitsIcESaIcEEEE6_M_ptrEv
FN:120,121,_ZNK9__gnu_cxx16__aligned_bufferISt4pairIKNSt7__cxx1112basic_stringIcSt11char_traitsIcESaIcEEEPN7testing9TestSuiteEEE6_M_ptrEv
FN:120,121,_ZNK9__gnu_cxx16__aligned_bufferISt4pairIKNSt7__cxx1112basic_stringIcSt11char_traitsIcESaIcEEES7_EE6_M_ptrEv
FN:120,121,_ZNK9__gnu_cxx16__aligned_bufferISt4pairIKNSt7__cxx1112basic_stringIcSt11char_traitsIcESaIcEEESt14_List_iteratorIS7_EEE6_M_ptrEv
FN:120,121,_ZNK9__gnu_cxx16__aligned_bufferISt4pairIKiNSt7__cxx1112basic_stringIcSt11char_traitsIcESaIcEEEEE6_M_ptrEv
FN:120,121,_ZNK9__gnu_cxx16__aligned_bufferISt4pairIKiSt14_List_iteratorIiEEE6_M_ptrEv
FN:120,121,_ZNK9__gnu_cxx16__aligned_bufferISt4pairIKiiEE6_M_ptrEv
FNDA:0,_ZN9__gnu_cxx16__aligned_bufferISt4pairIKNSt7__cxx1112basic_stringIcSt11char_traitsIcESaIcEEEPN7testing9TestSuiteEEE6_M_ptrEv
FNDA:8,_ZN9__gnu_cxx16__aligned_bufferISt4pairIKNSt7__cxx1112basic_stringIcSt11char_traitsIcESaIcEEES7_EE6_M_ptrEv
FNDA:9,_ZN9__gnu_cxx16__aligned_bufferISt4pairIKNSt7__cxx1112basic_stringIcSt11char_traitsIcESaIcEEESt14_List_iteratorIS7_EEE6_M_ptrEv
FNDA:7858,_ZN9__gnu_cxx16__aligned_bufferISt4pairIKiNSt7__cxx1112basic_stringIcSt11char_traitsIcESaIcEEEEE6_M_ptrEv
FNDA:21119,_ZN9__gnu_cxx16__aligned_bufferISt4pairIKiSt14_List_iteratorIiEEE6_M_ptrEv
FNDA:65,_ZN9__gnu_cxx16__aligned_bufferISt4pairIKiiEE6_M_ptrEv
FNDA:0,_ZNK9__gnu_cxx16__aligned_bufferINSt7__cxx1112basic_stringIcSt11char_traitsIcESaIcEEEE6_M_ptrEv
FNDA:0,_ZNK9__gnu_cxx16__aligned_bufferISt4pairIKNSt7__cxx1112basic_stringIcSt11char_traitsIcESaIcEEEPN7testing9TestSuiteEEE6_M_ptrEv
FNDA:14,_ZNK9__gnu_cxx16__aligned_bufferISt4pairIKNSt7__cxx1112basic_stringIcSt11char_traitsIcESaIcEEES7_EE6_M_ptrEv
FNDA:13,_ZNK9__gnu_cxx16__aligned_bufferISt4pairIKNSt7__cxx1112basic_stringIcSt11char_traitsIcESaIcEEESt14_List_iteratorIS7_EEE6_M_ptrEv
FNDA:66326,_ZNK9__gnu_cxx16__aligned_bufferISt4pairIKiNSt7__cxx1112basic_stringIcSt11char_traitsIcESaIcEEEEE6_M_ptrEv
FNDA:74780,_ZNK9__gnu_cxx16__aligned_bufferISt4pairIKiSt14_List_iteratorIiEEE6_M_ptrEv
FNDA:112,_ZNK9__gnu_cxx16__aligned_bufferISt4pairIKiiEE6_M_ptrEv
FNF:13
FNH:10
DA:64,0
DA:65,0
DA:68,0
DA:69,0
DA:72,0
DA:73,21427
DA:76,0
DA:77,0
DA:104,43187
DA:106,0
DA:110,141245
DA:112,141245
DA:116,43187
DA:117,66776
DA:120,141245
DA:121,141245
LF:16
LH:8
end_of_record
TN:
SF:/usr/include/c++/13/ext/alloc_traits.h
FNF:0
FNH:0
DA:97,11038
DA:98,11038
LF:2
LH:2
end_of_record
TN:
SF:/usr/include/c++/13/ext/concurrence.h
FN:68,69,_ZNK9__gnu_cxx24__concurrence_lock_error4whatEv
FN:76,77,_ZNK9__gnu_cxx26__concurrence_unlock_error4whatEv
FN:84,85,_ZNK9__gnu_cxx29__concurrence_broadcast_error4whatEv
FN:92,93,_ZNK9__gnu_cxx24__concurrence_wait_error4whatEv
FNDA:0,_ZNK9__gnu_cxx24__concurrence_lock_error4whatEv
FNDA:0,_ZNK9__gnu_cxx26__concurrence_unlock_error4whatEv
FNDA:0,_ZNK9__gnu_cxx29__concurrence_broadcast_error4whatEv
FNDA:0,_ZNK9__gnu_cxx24__concurrence_wait_error4whatEv
FNF:4
FNH:0
DA:68,0
DA:69,0
DA:76,0
DA:77,0
DA:84,0
DA:85,0
DA:92,0
DA:93,0
LF:8
LH:0
end_of_record
TN:
SF:/usr/include/c++/13/initializer_list
FNF:0
FNH:0
DA:69,0
DA:73,0
DA:77,0
LF:3
LH:0
end_of_record
TN:
SF:/usr/include/c++/13/iomanip
FNF:0
FNH:0
DA:180,0
DA:182,0
DA:197,63
DA:198,63
DA:210,0
DA:212,63
DA:240,0
DA:242,0
LF:8
LH:3
end_of_record
TN:
SF:/usr/include/c++/13/istream
FNF:0
FNH:0
DA:192,0
DA:193,0
LF:2
LH:0
end_of_record
TN:
SF:/usr/include/c++/13/optional
FN:104,105,_ZNKSt19bad_optional_access4whatEv
FNDA:0,_ZNKSt19bad_optional_access4whatEv
FNF:1
FNH:0
DA:104,0
DA:105,0
LF:2
LH:0
end_of_record
TN:
SF:/usr/include/c++/13/ostream
FNF:0
FNH:0
DA:110,0
DA:115,0
DA:129,0
DA:134,0
DA:168,11
DA:169,11
DA:172,0
DA:173,0
DA:194,0
DA:198,0
DA:222,0
DA:223,0
DA:226,0
DA:230,0
DA:292,0
DA:293,0
LF:16
LH:2
end_of_record
TN:
SF:/usr/include/c++/13/shared_mutex
FN:194,201,_ZNSt22__shared_mutex_pthread4lockEv
FNDA:22329,_ZNSt22__shared_mutex_pthread4lockEv
FNF:1
FNH:1
DA:83,22329
DA:85,0
DA:163,9
DA:194,22329
DA:196,22329
DA:197,22329
DA:198,0
DA:200,22329
DA:201,22329
DA:214,0
DA:216,0
DA:218,0
DA:415,9
DA:423,22329
DA:425,0
LF:15
LH:9
end_of_record
TN:
SF:/usr/include/c++/13/sstream
FNF:0
FNH:0
DA:930,0
DA:931,0
DA:1152,0
DA:1153,63
LF:4
LH:1
end_of_record
TN:
SF:/usr/include/c++/13/string_view
FN:343,350,_ZNKSt17basic_string_viewIcSt11char_traitsIcEE7compareES2_
FNDA:0,_ZNKSt17basic_string_viewIcSt11char_traitsIcEE7compareES2_
FNF:1
FNH:0
DA:146,0
DA:229,0
DA:230,0
DA:289,0
DA:343,0
DA:345,0
DA:346,0
DA:347,0
DA:348,0
DA:349,0
DA:573,0
DA:576,0
DA:577,0
DA:579,0
DA:581,0
DA:616,0
DA:619,0
LF:17
LH:0
end_of_record
TN:
SF:/usr/include/c++/13/tuple
FN:2252,2258,_ZNSt4pairIKNSt7__cxx1112basic_stringIcSt11char_traitsIcESaIcEEES5_EC2IJRS6_EJEEESt21piecewise_construct_tSt5tupleIJDpT_EESB_IJDpT0_EE
FNDA:8,_ZNSt4pairIKNSt7__cxx1112basic_stringIcSt11char_traitsIcESaIcEEES5_EC2IJRS6_EJEEESt21piecewise_construct_tSt5tupleIJDpT_EESB_IJDpT0_EE
FNF:1
FNH:1
DA:81,11020
DA:125,0
DA:190,11020
DA:191,11010
DA:193,14138
DA:194,14138
DA:200,10
DA:201,10
DA:234,0
DA:269,0
DA:272,0
DA:280,11020
DA:281,11020
DA:291,10
DA:293,10
DA:497,0
DA:503,11020
DA:504,11020
DA:507,14138
DA:508,14138
DA:513,0
DA:514,0
DA:527,14128
DA:529,14128
DA:874,14128
DA:876,14128
DA:889,10
DA:891,10
DA:903,8
DA:1317,11020
DA:1319,22112
DA:1345,0
DA:1347,0
DA:1787,14138
DA:1788,0
DA:1803,14128
DA:1804,22208
DA:1810,625
DA:1815,10
DA:1818,10
DA:2001,0
DA:2005,0
DA:2252,14128
DA:2257,14074
DA:2258,8
DA:2264,14128
DA:2267,12
DA:2268,14128
LF:48
LH:36
end_of_record
TN:
SF:/usr/include/c++/13/typeinfo
FNF:0
FNH:0
DA:103,0
DA:104,0
LF:2
LH:0
end_of_record
TN:
SF:/usr/include/c++/13/variant
FN:1334,1335,_ZNKSt18bad_variant_access4whatEv
FNDA:0,_ZNKSt18bad_variant_access4whatEv
FNF:1
FNH:0
DA:1334,0
DA:1335,0
LF:2
LH:0
end_of_record
TN:
SF:/usr/include/string.h
FNF:0
FNH:0
DA:239,0
DA:241,1
DA:266,0
DA:268,0
DA:343,0
DA:345,0
LF:6
LH:1
end_of_record
TN:
SF:/usr/include/x86_64-linux-gnu/bits/stdio2.h
FNF:0
FNH:0
DA:51,0
DA:54,0
DA:77,0
DA:79,0
DA:84,0
DA:86,37
DA:96,0
DA:99,25
DA:207,0
DA:210,0
DA:211,0
DA:212,0
DA:213,0
DA:214,0
DA:215,0
LF:15
LH:2
end_of_record
TN:
SF:/usr/include/x86_64-linux-gnu/bits/string_fortified.h
FNF:0
FNH:0
DA:26,0
DA:29,0
DA:57,0
DA:59,0
LF:4
LH:0
end_of_record
TN:
SF:/usr/include/x86_64-linux-gnu/bits/unistd.h
FNF:0
FNH:0
DA:26,0
DA:28,0
DA:86,1
DA:88,1
LF:4
LH:2
end_of_record
TN:
SF:/usr/include/x86_64-linux-gnu/bits/wchar2.h
FNF:0
FNH:0
DA:24,0
DA:27,0
LF:2
LH:0
end_of_record
TN:
SF:/usr/include/x86_64-linux-gnu/c++/13/bits/c++config.h
FNF:0
FNH:0
DA:319,0
DA:321,0
DA:322,0
LF:3
LH:0
end_of_record
TN:
SF:/usr/include/x86_64-linux-gnu/c++/13/bits/gthr-default.h
FNF:0
FNH:0
DA:746,43402
DA:748,43402
DA:749,43402
DA:776,0
DA:778,0
DA:779,0
LF:6
LH:3
end_of_record
